#
# There is insufficient memory for the Java Runtime Environment to continue.
# Native memory allocation (malloc) failed to allocate 1602144 bytes for Chunk::new
# Possible reasons:
#   The system is out of physical RAM or swap space
#   The process is running with CompressedOops enabled, and the Java Heap may be blocking the growth of the native heap
# Possible solutions:
#   Reduce memory load on the system
#   Increase physical memory or swap space
#   Check if swap backing store is full
#   Decrease Java heap size (-Xmx/-Xms)
#   Decrease number of Java threads
#   Decrease Java thread stack sizes (-Xss)
#   Set larger code cache with -XX:ReservedCodeCacheSize=
#   JVM is running with Unscaled Compressed Oops mode in which the Java heap is
#     placed in the first 4GB address space. The Java Heap base address is the
#     maximum limit for the native heap growth. Please use -XX:HeapBaseMinAddress
#     to set the Java Heap base and to place the Java Heap above 4GB virtual address.
# This output file may be truncated or incomplete.
#
#  Out of Memory Error (arena.cpp:189), pid=18072, tid=18920
#
# JRE version: Java(TM) SE Runtime Environment (17.0.6+9) (build 17.0.6+9-LTS-190)
# Java VM: Java HotSpot(TM) 64-Bit Server VM (17.0.6+9-LTS-190, mixed mode, sharing, tiered, compressed oops, compressed class ptrs, g1 gc, windows-amd64)
# No core dump will be written. Minidumps are not enabled by default on client versions of Windows
#

---------------  S U M M A R Y ------------

Command Line: --add-opens=java.base/java.lang=ALL-UNNAMED --add-opens=java.base/java.lang.invoke=ALL-UNNAMED --add-opens=java.base/java.util=ALL-UNNAMED --add-opens=java.prefs/java.util.prefs=ALL-UNNAMED --add-exports=jdk.compiler/com.sun.tools.javac.api=ALL-UNNAMED --add-exports=jdk.compiler/com.sun.tools.javac.util=ALL-UNNAMED --add-opens=java.base/java.util=ALL-UNNAMED --add-opens=java.prefs/java.util.prefs=ALL-UNNAMED --add-opens=java.base/java.nio.charset=ALL-UNNAMED --add-opens=java.base/java.net=ALL-UNNAMED --add-opens=java.base/java.util.concurrent.atomic=ALL-UNNAMED --add-opens=java.xml/javax.xml.namespace=ALL-UNNAMED -XX:MaxMetaspaceSize=384m -XX:+HeapDumpOnOutOfMemoryError -Xms256m -Xmx512m -Dfile.encoding=x-windows-949 -Duser.country=KR -Duser.language=ko -Duser.variant -javaagent:C:\Users\yookr\.gradle\wrapper\dists\gradle-8.13-bin\5xuhj0ry160q40clulazy9h7d\gradle-8.13\lib\agents\gradle-instrumentation-agent-8.13.jar org.gradle.launcher.daemon.bootstrap.GradleDaemon 8.13

Host: 11th Gen Intel(R) Core(TM) i5-1135G7 @ 2.40GHz, 8 cores, 15G,  Windows 11 , 64 bit Build 26100 (10.0.26100.3912)
Time: Fri May 23 11:22:56 2025  Windows 11 , 64 bit Build 26100 (10.0.26100.3912) elapsed time: 9.292462 seconds (0d 0h 0m 9s)

---------------  T H R E A D  ---------------

Current thread (0x000002063dd34a80):  JavaThread "C2 CompilerThread0" daemon [_thread_in_native, id=18920, stack(0x000000d643600000,0x000000d643700000)]


Current CompileTask:
C2:   9297 6388       4       org.gradle.internal.instantiation.generator.AbstractClassGenerator::inspectType (602 bytes)

Stack: [0x000000d643600000,0x000000d643700000]
Native frames: (J=compiled Java code, j=interpreted, Vv=VM code, C=native code)
V  [jvm.dll+0x6734ea]
V  [jvm.dll+0x7d18f4]
V  [jvm.dll+0x7d309e]
V  [jvm.dll+0x7d3703]
V  [jvm.dll+0x2433c5]
V  [jvm.dll+0xaa46b]
V  [jvm.dll+0xaaa0c]
V  [jvm.dll+0x35eb2e]
V  [jvm.dll+0x329401]
V  [jvm.dll+0x32889a]
V  [jvm.dll+0x215ddf]
V  [jvm.dll+0x215211]
V  [jvm.dll+0x1a1730]
V  [jvm.dll+0x224b6e]
V  [jvm.dll+0x222f15]
V  [jvm.dll+0x78753c]
V  [jvm.dll+0x781a7a]
V  [jvm.dll+0x672375]
C  [ucrtbase.dll+0x37b0]
C  [KERNEL32.DLL+0x2e8d7]
C  [ntdll.dll+0x9c5dc]


---------------  P R O C E S S  ---------------

Threads class SMR info:
_java_thread_list=0x0000020643f2d5e0, length=65, elements={
0x0000020623423f90, 0x000002063dd09630, 0x000002063dd0ac60, 0x000002063dd2af00,
0x000002063dd2d8d0, 0x000002063dd2ed00, 0x000002063dd308d0, 0x000002063dd34a80,
0x000002063dd37560, 0x000002063dd42980, 0x000002063dcf6fa0, 0x000002063e99d180,
0x0000020640582070, 0x0000020640c63bd0, 0x00000206413631b0, 0x00000206402d98b0,
0x0000020641648010, 0x00000206416484e0, 0x000002063f0a8ae0, 0x000002063f0a6ac0,
0x0000020640a9d470, 0x0000020640a9d940, 0x0000020640a9cfa0, 0x0000020640a9f620,
0x0000020640a9de10, 0x0000020640a9faf0, 0x0000020640a9e7b0, 0x0000020640a9ffc0,
0x0000020640a9ec80, 0x0000020640a9f150, 0x0000020643b10170, 0x0000020643b10640,
0x0000020643b0f300, 0x0000020643b0ee30, 0x0000020643b10fe0, 0x0000020643b114b0,
0x0000020643b0daf0, 0x0000020643b127f0, 0x0000020643b14e70, 0x0000020643b14000,
0x0000020643b12cc0, 0x0000020643b13190, 0x0000020643b144d0, 0x0000020643b149a0,
0x0000020643b13b30, 0x0000020643b12320, 0x0000020643b13660, 0x0000020640cdde00,
0x0000020640ce17c0, 0x0000020640ce0950, 0x0000020640cdf610, 0x0000020640ce1c90,
0x0000020640cdffb0, 0x0000020640cde2d0, 0x0000020640ce2160, 0x0000020640cde7a0,
0x0000020640cdfae0, 0x0000020640cdf140, 0x0000020640ce0480, 0x0000020640cdec70,
0x0000020640ce0e20, 0x0000020640ce2630, 0x0000020640ce2fd0, 0x0000020640ce34a0,
0x0000020641fd7eb0
}

Java Threads: ( => current thread )
  0x0000020623423f90 JavaThread "main" [_thread_blocked, id=13908, stack(0x000000d642900000,0x000000d642a00000)]
  0x000002063dd09630 JavaThread "Reference Handler" daemon [_thread_blocked, id=26352, stack(0x000000d643000000,0x000000d643100000)]
  0x000002063dd0ac60 JavaThread "Finalizer" daemon [_thread_blocked, id=12168, stack(0x000000d643100000,0x000000d643200000)]
  0x000002063dd2af00 JavaThread "Signal Dispatcher" daemon [_thread_blocked, id=27428, stack(0x000000d643200000,0x000000d643300000)]
  0x000002063dd2d8d0 JavaThread "Attach Listener" daemon [_thread_blocked, id=2616, stack(0x000000d643300000,0x000000d643400000)]
  0x000002063dd2ed00 JavaThread "Service Thread" daemon [_thread_blocked, id=13040, stack(0x000000d643400000,0x000000d643500000)]
  0x000002063dd308d0 JavaThread "Monitor Deflation Thread" daemon [_thread_blocked, id=6064, stack(0x000000d643500000,0x000000d643600000)]
=>0x000002063dd34a80 JavaThread "C2 CompilerThread0" daemon [_thread_in_native, id=18920, stack(0x000000d643600000,0x000000d643700000)]
  0x000002063dd37560 JavaThread "C1 CompilerThread0" daemon [_thread_blocked, id=20512, stack(0x000000d643700000,0x000000d643800000)]
  0x000002063dd42980 JavaThread "Sweeper thread" daemon [_thread_blocked, id=18028, stack(0x000000d643800000,0x000000d643900000)]
  0x000002063dcf6fa0 JavaThread "Common-Cleaner" daemon [_thread_blocked, id=20232, stack(0x000000d643900000,0x000000d643a00000)]
  0x000002063e99d180 JavaThread "Notification Thread" daemon [_thread_blocked, id=13676, stack(0x000000d643a00000,0x000000d643b00000)]
  0x0000020640582070 JavaThread "Daemon health stats" [_thread_blocked, id=3792, stack(0x000000d644400000,0x000000d644500000)]
  0x0000020640c63bd0 JavaThread "Incoming local TCP Connector on port 65003" [_thread_in_native, id=13844, stack(0x000000d643c00000,0x000000d643d00000)]
  0x00000206413631b0 JavaThread "Daemon periodic checks" [_thread_blocked, id=18668, stack(0x000000d643d00000,0x000000d643e00000)]
  0x00000206402d98b0 JavaThread "C2 CompilerThread1" daemon [_thread_in_native, id=1572, stack(0x000000d644500000,0x000000d644600000)]
  0x0000020641648010 JavaThread "Daemon" [_thread_blocked, id=17012, stack(0x000000d644700000,0x000000d644800000)]
  0x00000206416484e0 JavaThread "Handler for socket connection from /127.0.0.1:65003 to /127.0.0.1:65004" [_thread_in_native, id=14700, stack(0x000000d644800000,0x000000d644900000)]
  0x000002063f0a8ae0 JavaThread "Cancel handler" [_thread_blocked, id=13192, stack(0x000000d644900000,0x000000d644a00000)]
  0x000002063f0a6ac0 JavaThread "Daemon worker" [_thread_in_vm, id=22752, stack(0x000000d644a00000,0x000000d644b00000)]
  0x0000020640a9d470 JavaThread "Asynchronous log dispatcher for DefaultDaemonConnection: socket connection from /127.0.0.1:65003 to /127.0.0.1:65004" [_thread_blocked, id=28776, stack(0x000000d644b00000,0x000000d644c00000)]
  0x0000020640a9d940 JavaThread "Stdin handler" [_thread_blocked, id=27040, stack(0x000000d644c00000,0x000000d644d00000)]
  0x0000020640a9cfa0 JavaThread "Daemon client event forwarder" [_thread_blocked, id=27468, stack(0x000000d644d00000,0x000000d644e00000)]
  0x0000020640a9f620 JavaThread "Cache worker for journal cache (C:\Users\yookr\.gradle\caches\journal-1)" [_thread_blocked, id=21964, stack(0x000000d644e00000,0x000000d644f00000)]
  0x0000020640a9de10 JavaThread "File lock request listener" [_thread_in_native, id=19248, stack(0x000000d644f00000,0x000000d645000000)]
  0x0000020640a9faf0 JavaThread "Cache worker for file hash cache (C:\Users\yookr\.gradle\caches\8.13\fileHashes)" [_thread_blocked, id=7092, stack(0x000000d645000000,0x000000d645100000)]
  0x0000020640a9e7b0 JavaThread "Cache worker for file hash cache (C:\Users\yookr\agoda-clone-be\agoda-clone\.gradle\8.13\fileHashes)" [_thread_blocked, id=16056, stack(0x000000d645100000,0x000000d645200000)]
  0x0000020640a9ffc0 JavaThread "Cache worker for Build Output Cleanup Cache (C:\Users\yookr\agoda-clone-be\agoda-clone\.gradle\buildOutputCleanup)" [_thread_blocked, id=25980, stack(0x000000d645200000,0x000000d645300000)]
  0x0000020640a9ec80 JavaThread "File watcher server" daemon [_thread_in_native, id=3904, stack(0x000000d645600000,0x000000d645700000)]
  0x0000020640a9f150 JavaThread "File watcher consumer" daemon [_thread_blocked, id=5488, stack(0x000000d645700000,0x000000d645800000)]
  0x0000020643b10170 JavaThread "jar transforms" [_thread_blocked, id=380, stack(0x000000d645800000,0x000000d645900000)]
  0x0000020643b10640 JavaThread "jar transforms Thread 2" [_thread_blocked, id=3324, stack(0x000000d645900000,0x000000d645a00000)]
  0x0000020643b0f300 JavaThread "Cache worker for checksums cache (C:\Users\yookr\agoda-clone-be\agoda-clone\.gradle\8.13\checksums)" [_thread_blocked, id=15216, stack(0x000000d645a00000,0x000000d645b00000)]
  0x0000020643b0ee30 JavaThread "Cache worker for file content cache (C:\Users\yookr\.gradle\caches\8.13\fileContent)" [_thread_blocked, id=12908, stack(0x000000d645b00000,0x000000d645c00000)]
  0x0000020643b10fe0 JavaThread "jar transforms Thread 3" [_thread_blocked, id=19852, stack(0x000000d645c00000,0x000000d645d00000)]
  0x0000020643b114b0 JavaThread "jar transforms Thread 4" [_thread_blocked, id=28948, stack(0x000000d645d00000,0x000000d645e00000)]
  0x0000020643b0daf0 JavaThread "jar transforms Thread 5" [_thread_blocked, id=13684, stack(0x000000d645e00000,0x000000d645f00000)]
  0x0000020643b127f0 JavaThread "jar transforms Thread 6" [_thread_blocked, id=24616, stack(0x000000d645f00000,0x000000d646000000)]
  0x0000020643b14e70 JavaThread "Cache worker for cache directory md-supplier (C:\Users\yookr\.gradle\caches\8.13\md-supplier)" [_thread_blocked, id=18540, stack(0x000000d646000000,0x000000d646100000)]
  0x0000020643b14000 JavaThread "Cache worker for cache directory md-rule (C:\Users\yookr\.gradle\caches\8.13\md-rule)" [_thread_blocked, id=24516, stack(0x000000d646100000,0x000000d646200000)]
  0x0000020643b12cc0 JavaThread "jar transforms Thread 7" [_thread_blocked, id=2612, stack(0x000000d646200000,0x000000d646300000)]
  0x0000020643b13190 JavaThread "Unconstrained build operations" [_thread_blocked, id=20020, stack(0x000000d646300000,0x000000d646400000)]
  0x0000020643b144d0 JavaThread "Unconstrained build operations Thread 2" [_thread_blocked, id=2452, stack(0x000000d646400000,0x000000d646500000)]
  0x0000020643b149a0 JavaThread "Unconstrained build operations Thread 3" [_thread_blocked, id=26196, stack(0x000000d646500000,0x000000d646600000)]
  0x0000020643b13b30 JavaThread "Unconstrained build operations Thread 4" [_thread_blocked, id=17760, stack(0x000000d646600000,0x000000d646700000)]
  0x0000020643b12320 JavaThread "Unconstrained build operations Thread 5" [_thread_blocked, id=28880, stack(0x000000d646700000,0x000000d646800000)]
  0x0000020643b13660 JavaThread "Unconstrained build operations Thread 6" [_thread_blocked, id=8100, stack(0x000000d646800000,0x000000d646900000)]
  0x0000020640cdde00 JavaThread "Unconstrained build operations Thread 7" [_thread_blocked, id=28972, stack(0x000000d646900000,0x000000d646a00000)]
  0x0000020640ce17c0 JavaThread "Unconstrained build operations Thread 8" [_thread_blocked, id=7544, stack(0x000000d646a00000,0x000000d646b00000)]
  0x0000020640ce0950 JavaThread "Unconstrained build operations Thread 9" [_thread_blocked, id=29636, stack(0x000000d646b00000,0x000000d646c00000)]
  0x0000020640cdf610 JavaThread "Unconstrained build operations Thread 10" [_thread_blocked, id=7340, stack(0x000000d646c00000,0x000000d646d00000)]
  0x0000020640ce1c90 JavaThread "Unconstrained build operations Thread 11" [_thread_blocked, id=25152, stack(0x000000d646d00000,0x000000d646e00000)]
  0x0000020640cdffb0 JavaThread "Unconstrained build operations Thread 12" [_thread_blocked, id=12488, stack(0x000000d646e00000,0x000000d646f00000)]
  0x0000020640cde2d0 JavaThread "Unconstrained build operations Thread 13" [_thread_blocked, id=13076, stack(0x000000d646f00000,0x000000d647000000)]
  0x0000020640ce2160 JavaThread "Unconstrained build operations Thread 14" [_thread_blocked, id=1668, stack(0x000000d647000000,0x000000d647100000)]
  0x0000020640cde7a0 JavaThread "Unconstrained build operations Thread 15" [_thread_blocked, id=20400, stack(0x000000d647100000,0x000000d647200000)]
  0x0000020640cdfae0 JavaThread "Unconstrained build operations Thread 16" [_thread_blocked, id=17320, stack(0x000000d647200000,0x000000d647300000)]
  0x0000020640cdf140 JavaThread "Unconstrained build operations Thread 17" [_thread_blocked, id=12008, stack(0x000000d647300000,0x000000d647400000)]
  0x0000020640ce0480 JavaThread "Unconstrained build operations Thread 18" [_thread_blocked, id=15676, stack(0x000000d647400000,0x000000d647500000)]
  0x0000020640cdec70 JavaThread "Unconstrained build operations Thread 19" [_thread_blocked, id=388, stack(0x000000d647500000,0x000000d647600000)]
  0x0000020640ce0e20 JavaThread "Unconstrained build operations Thread 20" [_thread_blocked, id=8996, stack(0x000000d647600000,0x000000d647700000)]
  0x0000020640ce2630 JavaThread "Unconstrained build operations Thread 21" [_thread_blocked, id=14224, stack(0x000000d647700000,0x000000d647800000)]
  0x0000020640ce2fd0 JavaThread "Memory manager" [_thread_blocked, id=1128, stack(0x000000d647800000,0x000000d647900000)]
  0x0000020640ce34a0 JavaThread "jar transforms Thread 8" [_thread_blocked, id=12504, stack(0x000000d644600000,0x000000d644700000)]
  0x0000020641fd7eb0 JavaThread "C2 CompilerThread2" daemon [_thread_in_native, id=20588, stack(0x000000d647900000,0x000000d647a00000)]

Other Threads:
  0x000002063dd04ce0 VMThread "VM Thread" [stack: 0x000000d642f00000,0x000000d643000000] [id=19716]
  0x0000020623460470 WatcherThread [stack: 0x000000d643b00000,0x000000d643c00000] [id=29084]
  0x0000020623452ee0 GCTaskThread "GC Thread#0" [stack: 0x000000d642a00000,0x000000d642b00000] [id=18772]
  0x000002063eaa6f10 GCTaskThread "GC Thread#1" [stack: 0x000000d643e00000,0x000000d643f00000] [id=5760]
  0x000002063eaa7c80 GCTaskThread "GC Thread#2" [stack: 0x000000d643f00000,0x000000d644000000] [id=23200]
  0x000002063eaa7470 GCTaskThread "GC Thread#3" [stack: 0x000000d644000000,0x000000d644100000] [id=3948]
  0x000002063eaa6c60 GCTaskThread "GC Thread#4" [stack: 0x000000d644100000,0x000000d644200000] [id=29564]
  0x000002063eaa71c0 GCTaskThread "GC Thread#5" [stack: 0x000000d644200000,0x000000d644300000] [id=27944]
  0x00000206418a68c0 GCTaskThread "GC Thread#6" [stack: 0x000000d645300000,0x000000d645400000] [id=15016]
  0x00000206418a6b70 GCTaskThread "GC Thread#7" [stack: 0x000000d645400000,0x000000d645500000] [id=19132]
  0x0000020623457d30 ConcurrentGCThread "G1 Main Marker" [stack: 0x000000d642b00000,0x000000d642c00000] [id=5136]
  0x0000020623459320 ConcurrentGCThread "G1 Conc#0" [stack: 0x000000d642c00000,0x000000d642d00000] [id=10012]
  0x00000206418a6e20 ConcurrentGCThread "G1 Conc#1" [stack: 0x000000d645500000,0x000000d645600000] [id=11876]
  0x00000206234ed680 ConcurrentGCThread "G1 Refine#0" [stack: 0x000000d642d00000,0x000000d642e00000] [id=26828]
  0x000002063ffc8d00 ConcurrentGCThread "G1 Refine#1" [stack: 0x000000d644300000,0x000000d644400000] [id=11476]
  0x000002063dbc4170 ConcurrentGCThread "G1 Service" [stack: 0x000000d642e00000,0x000000d642f00000] [id=21312]

Threads with active compile tasks:
C2 CompilerThread0     9477 6388       4       org.gradle.internal.instantiation.generator.AbstractClassGenerator::inspectType (602 bytes)
C1 CompilerThread0     9477 6574       3       org.gradle.internal.reflect.annotations.impl.DefaultTypeAnnotationMetadataStore$HasAnnotationMetadataBuilder::<init> (78 bytes)
C2 CompilerThread1     9478 6564       4       org.gradle.model.internal.asm.ClassVisitorScope::addMethod (34 bytes)
C2 CompilerThread2     9478 6558       4       org.objectweb.asm.MethodWriter::putMethodInfo (1274 bytes)

VM state: not at safepoint (normal execution)

VM Mutex/Monitor currently owned by a thread: None

Heap address: 0x00000000e0000000, size: 512 MB, Compressed Oops mode: 32-bit

CDS archive(s) mapped at: [0x0000000800000000-0x0000000800bd0000-0x0000000800bd0000), size 12386304, SharedBaseAddress: 0x0000000800000000, ArchiveRelocationMode: 0.
Compressed class space mapped at: 0x0000000800c00000-0x0000000814000000, reserved size: 322961408
Narrow klass base: 0x0000000800000000, Narrow klass shift: 0, Narrow klass range: 0x100000000

GC Precious Log:
 CPUs: 8 total, 8 available
 Memory: 16108M
 Large Page Support: Disabled
 NUMA Support: Disabled
 Compressed Oops: Enabled (32-bit)
 Heap Region Size: 1M
 Heap Min Capacity: 256M
 Heap Initial Capacity: 256M
 Heap Max Capacity: 512M
 Pre-touch: Disabled
 Parallel Workers: 8
 Concurrent Workers: 2
 Concurrent Refinement Workers: 8
 Periodic GC: Disabled

Heap:
 garbage-first heap   total 262144K, used 92999K [0x00000000e0000000, 0x0000000100000000)
  region size 1024K, 69 young (70656K), 15 survivors (15360K)
 Metaspace       used 51957K, committed 52544K, reserved 364544K
  class space    used 7453K, committed 7680K, reserved 315392K

Heap Regions: E=young(eden), S=young(survivor), O=old, HS=humongous(starts), HC=humongous(continues), CS=collection set, F=free, OA=open archive, CA=closed archive, TAMS=top-at-mark-start (previous, next)
|   0|0x00000000e0000000, 0x00000000e0100000, 0x00000000e0100000|100%|HS|  |TAMS 0x00000000e0100000, 0x00000000e0000000| Complete 
|   1|0x00000000e0100000, 0x00000000e0200000, 0x00000000e0200000|100%|HC|  |TAMS 0x00000000e0200000, 0x00000000e0100000| Complete 
|   2|0x00000000e0200000, 0x00000000e0300000, 0x00000000e0300000|100%|HC|  |TAMS 0x00000000e0300000, 0x00000000e0200000| Complete 
|   3|0x00000000e0300000, 0x00000000e0400000, 0x00000000e0400000|100%| O|  |TAMS 0x00000000e0400000, 0x00000000e0300000| Untracked 
|   4|0x00000000e0400000, 0x00000000e0500000, 0x00000000e0500000|100%| O|  |TAMS 0x00000000e0500000, 0x00000000e0400000| Untracked 
|   5|0x00000000e0500000, 0x00000000e0600000, 0x00000000e0600000|100%| O|  |TAMS 0x00000000e0600000, 0x00000000e0500000| Untracked 
|   6|0x00000000e0600000, 0x00000000e0700000, 0x00000000e0700000|100%|HS|  |TAMS 0x00000000e0700000, 0x00000000e0600000| Complete 
|   7|0x00000000e0700000, 0x00000000e0700000, 0x00000000e0800000|  0%| F|  |TAMS 0x00000000e0700000, 0x00000000e0700000| Untracked 
|   8|0x00000000e0800000, 0x00000000e0900000, 0x00000000e0900000|100%| O|  |TAMS 0x00000000e0900000, 0x00000000e0800000| Untracked 
|   9|0x00000000e0900000, 0x00000000e0a00000, 0x00000000e0a00000|100%| O|  |TAMS 0x00000000e09e5000, 0x00000000e0900000| Untracked 
|  10|0x00000000e0a00000, 0x00000000e0a00000, 0x00000000e0b00000|  0%| F|  |TAMS 0x00000000e0a00000, 0x00000000e0a00000| Untracked 
|  11|0x00000000e0b00000, 0x00000000e0c00000, 0x00000000e0c00000|100%| O|  |TAMS 0x00000000e0b00000, 0x00000000e0b00000| Untracked 
|  12|0x00000000e0c00000, 0x00000000e0d00000, 0x00000000e0d00000|100%| O|  |TAMS 0x00000000e0c00000, 0x00000000e0c00000| Untracked 
|  13|0x00000000e0d00000, 0x00000000e0e00000, 0x00000000e0e00000|100%| O|  |TAMS 0x00000000e0d00000, 0x00000000e0d00000| Untracked 
|  14|0x00000000e0e00000, 0x00000000e0f00000, 0x00000000e0f00000|100%| O|  |TAMS 0x00000000e0e00000, 0x00000000e0e00000| Untracked 
|  15|0x00000000e0f00000, 0x00000000e1000000, 0x00000000e1000000|100%| O|  |TAMS 0x00000000e0f00000, 0x00000000e0f00000| Untracked 
|  16|0x00000000e1000000, 0x00000000e1100000, 0x00000000e1100000|100%| O|  |TAMS 0x00000000e1000000, 0x00000000e1000000| Untracked 
|  17|0x00000000e1100000, 0x00000000e1200000, 0x00000000e1200000|100%| O|  |TAMS 0x00000000e1100000, 0x00000000e1100000| Untracked 
|  18|0x00000000e1200000, 0x00000000e1300000, 0x00000000e1300000|100%| O|  |TAMS 0x00000000e1200000, 0x00000000e1200000| Untracked 
|  19|0x00000000e1300000, 0x00000000e1400000, 0x00000000e1400000|100%| O|  |TAMS 0x00000000e1300000, 0x00000000e1300000| Untracked 
|  20|0x00000000e1400000, 0x00000000e1500000, 0x00000000e1500000|100%| O|  |TAMS 0x00000000e1400000, 0x00000000e1400000| Untracked 
|  21|0x00000000e1500000, 0x00000000e1600000, 0x00000000e1600000|100%| O|  |TAMS 0x00000000e1500000, 0x00000000e1500000| Untracked 
|  22|0x00000000e1600000, 0x00000000e1700000, 0x00000000e1700000|100%| O|  |TAMS 0x00000000e1600000, 0x00000000e1600000| Untracked 
|  23|0x00000000e1700000, 0x00000000e1800000, 0x00000000e1800000|100%| O|  |TAMS 0x00000000e1700000, 0x00000000e1700000| Untracked 
|  24|0x00000000e1800000, 0x00000000e18d8a00, 0x00000000e1900000| 84%| O|  |TAMS 0x00000000e1800000, 0x00000000e1800000| Untracked 
|  25|0x00000000e1900000, 0x00000000e1900000, 0x00000000e1a00000|  0%| F|  |TAMS 0x00000000e1900000, 0x00000000e1900000| Untracked 
|  26|0x00000000e1a00000, 0x00000000e1a00000, 0x00000000e1b00000|  0%| F|  |TAMS 0x00000000e1a00000, 0x00000000e1a00000| Untracked 
|  27|0x00000000e1b00000, 0x00000000e1b00000, 0x00000000e1c00000|  0%| F|  |TAMS 0x00000000e1b00000, 0x00000000e1b00000| Untracked 
|  28|0x00000000e1c00000, 0x00000000e1c00000, 0x00000000e1d00000|  0%| F|  |TAMS 0x00000000e1c00000, 0x00000000e1c00000| Untracked 
|  29|0x00000000e1d00000, 0x00000000e1d00000, 0x00000000e1e00000|  0%| F|  |TAMS 0x00000000e1d00000, 0x00000000e1d00000| Untracked 
|  30|0x00000000e1e00000, 0x00000000e1e00000, 0x00000000e1f00000|  0%| F|  |TAMS 0x00000000e1e00000, 0x00000000e1e00000| Untracked 
|  31|0x00000000e1f00000, 0x00000000e1f00000, 0x00000000e2000000|  0%| F|  |TAMS 0x00000000e1f00000, 0x00000000e1f00000| Untracked 
|  32|0x00000000e2000000, 0x00000000e2000000, 0x00000000e2100000|  0%| F|  |TAMS 0x00000000e2000000, 0x00000000e2000000| Untracked 
|  33|0x00000000e2100000, 0x00000000e2100000, 0x00000000e2200000|  0%| F|  |TAMS 0x00000000e2100000, 0x00000000e2100000| Untracked 
|  34|0x00000000e2200000, 0x00000000e2200000, 0x00000000e2300000|  0%| F|  |TAMS 0x00000000e2200000, 0x00000000e2200000| Untracked 
|  35|0x00000000e2300000, 0x00000000e2300000, 0x00000000e2400000|  0%| F|  |TAMS 0x00000000e2300000, 0x00000000e2300000| Untracked 
|  36|0x00000000e2400000, 0x00000000e2400000, 0x00000000e2500000|  0%| F|  |TAMS 0x00000000e2400000, 0x00000000e2400000| Untracked 
|  37|0x00000000e2500000, 0x00000000e2500000, 0x00000000e2600000|  0%| F|  |TAMS 0x00000000e2500000, 0x00000000e2500000| Untracked 
|  38|0x00000000e2600000, 0x00000000e2600000, 0x00000000e2700000|  0%| F|  |TAMS 0x00000000e2600000, 0x00000000e2600000| Untracked 
|  39|0x00000000e2700000, 0x00000000e2700000, 0x00000000e2800000|  0%| F|  |TAMS 0x00000000e2700000, 0x00000000e2700000| Untracked 
|  40|0x00000000e2800000, 0x00000000e2800000, 0x00000000e2900000|  0%| F|  |TAMS 0x00000000e2800000, 0x00000000e2800000| Untracked 
|  41|0x00000000e2900000, 0x00000000e2900000, 0x00000000e2a00000|  0%| F|  |TAMS 0x00000000e2900000, 0x00000000e2900000| Untracked 
|  42|0x00000000e2a00000, 0x00000000e2a00000, 0x00000000e2b00000|  0%| F|  |TAMS 0x00000000e2a00000, 0x00000000e2a00000| Untracked 
|  43|0x00000000e2b00000, 0x00000000e2b00000, 0x00000000e2c00000|  0%| F|  |TAMS 0x00000000e2b00000, 0x00000000e2b00000| Untracked 
|  44|0x00000000e2c00000, 0x00000000e2c00000, 0x00000000e2d00000|  0%| F|  |TAMS 0x00000000e2c00000, 0x00000000e2c00000| Untracked 
|  45|0x00000000e2d00000, 0x00000000e2d00000, 0x00000000e2e00000|  0%| F|  |TAMS 0x00000000e2d00000, 0x00000000e2d00000| Untracked 
|  46|0x00000000e2e00000, 0x00000000e2e00000, 0x00000000e2f00000|  0%| F|  |TAMS 0x00000000e2e00000, 0x00000000e2e00000| Untracked 
|  47|0x00000000e2f00000, 0x00000000e2f00000, 0x00000000e3000000|  0%| F|  |TAMS 0x00000000e2f00000, 0x00000000e2f00000| Untracked 
|  48|0x00000000e3000000, 0x00000000e3000000, 0x00000000e3100000|  0%| F|  |TAMS 0x00000000e3000000, 0x00000000e3000000| Untracked 
|  49|0x00000000e3100000, 0x00000000e3100000, 0x00000000e3200000|  0%| F|  |TAMS 0x00000000e3100000, 0x00000000e3100000| Untracked 
|  50|0x00000000e3200000, 0x00000000e3200000, 0x00000000e3300000|  0%| F|  |TAMS 0x00000000e3200000, 0x00000000e3200000| Untracked 
|  51|0x00000000e3300000, 0x00000000e3300000, 0x00000000e3400000|  0%| F|  |TAMS 0x00000000e3300000, 0x00000000e3300000| Untracked 
|  52|0x00000000e3400000, 0x00000000e3400000, 0x00000000e3500000|  0%| F|  |TAMS 0x00000000e3400000, 0x00000000e3400000| Untracked 
|  53|0x00000000e3500000, 0x00000000e3500000, 0x00000000e3600000|  0%| F|  |TAMS 0x00000000e3500000, 0x00000000e3500000| Untracked 
|  54|0x00000000e3600000, 0x00000000e3600000, 0x00000000e3700000|  0%| F|  |TAMS 0x00000000e3600000, 0x00000000e3600000| Untracked 
|  55|0x00000000e3700000, 0x00000000e3700000, 0x00000000e3800000|  0%| F|  |TAMS 0x00000000e3700000, 0x00000000e3700000| Untracked 
|  56|0x00000000e3800000, 0x00000000e3800000, 0x00000000e3900000|  0%| F|  |TAMS 0x00000000e3800000, 0x00000000e3800000| Untracked 
|  57|0x00000000e3900000, 0x00000000e3900000, 0x00000000e3a00000|  0%| F|  |TAMS 0x00000000e3900000, 0x00000000e3900000| Untracked 
|  58|0x00000000e3a00000, 0x00000000e3a00000, 0x00000000e3b00000|  0%| F|  |TAMS 0x00000000e3a00000, 0x00000000e3a00000| Untracked 
|  59|0x00000000e3b00000, 0x00000000e3b00000, 0x00000000e3c00000|  0%| F|  |TAMS 0x00000000e3b00000, 0x00000000e3b00000| Untracked 
|  60|0x00000000e3c00000, 0x00000000e3c00000, 0x00000000e3d00000|  0%| F|  |TAMS 0x00000000e3c00000, 0x00000000e3c00000| Untracked 
|  61|0x00000000e3d00000, 0x00000000e3d00000, 0x00000000e3e00000|  0%| F|  |TAMS 0x00000000e3d00000, 0x00000000e3d00000| Untracked 
|  62|0x00000000e3e00000, 0x00000000e3e00000, 0x00000000e3f00000|  0%| F|  |TAMS 0x00000000e3e00000, 0x00000000e3e00000| Untracked 
|  63|0x00000000e3f00000, 0x00000000e3f00000, 0x00000000e4000000|  0%| F|  |TAMS 0x00000000e3f00000, 0x00000000e3f00000| Untracked 
|  64|0x00000000e4000000, 0x00000000e4000000, 0x00000000e4100000|  0%| F|  |TAMS 0x00000000e4000000, 0x00000000e4000000| Untracked 
|  65|0x00000000e4100000, 0x00000000e4100000, 0x00000000e4200000|  0%| F|  |TAMS 0x00000000e4100000, 0x00000000e4100000| Untracked 
|  66|0x00000000e4200000, 0x00000000e4200000, 0x00000000e4300000|  0%| F|  |TAMS 0x00000000e4200000, 0x00000000e4200000| Untracked 
|  67|0x00000000e4300000, 0x00000000e4300000, 0x00000000e4400000|  0%| F|  |TAMS 0x00000000e4300000, 0x00000000e4300000| Untracked 
|  68|0x00000000e4400000, 0x00000000e4400000, 0x00000000e4500000|  0%| F|  |TAMS 0x00000000e4400000, 0x00000000e4400000| Untracked 
|  69|0x00000000e4500000, 0x00000000e4500000, 0x00000000e4600000|  0%| F|  |TAMS 0x00000000e4500000, 0x00000000e4500000| Untracked 
|  70|0x00000000e4600000, 0x00000000e4600000, 0x00000000e4700000|  0%| F|  |TAMS 0x00000000e4600000, 0x00000000e4600000| Untracked 
|  71|0x00000000e4700000, 0x00000000e4700000, 0x00000000e4800000|  0%| F|  |TAMS 0x00000000e4700000, 0x00000000e4700000| Untracked 
|  72|0x00000000e4800000, 0x00000000e4800000, 0x00000000e4900000|  0%| F|  |TAMS 0x00000000e4800000, 0x00000000e4800000| Untracked 
|  73|0x00000000e4900000, 0x00000000e4900000, 0x00000000e4a00000|  0%| F|  |TAMS 0x00000000e4900000, 0x00000000e4900000| Untracked 
|  74|0x00000000e4a00000, 0x00000000e4a00000, 0x00000000e4b00000|  0%| F|  |TAMS 0x00000000e4a00000, 0x00000000e4a00000| Untracked 
|  75|0x00000000e4b00000, 0x00000000e4b00000, 0x00000000e4c00000|  0%| F|  |TAMS 0x00000000e4b00000, 0x00000000e4b00000| Untracked 
|  76|0x00000000e4c00000, 0x00000000e4c00000, 0x00000000e4d00000|  0%| F|  |TAMS 0x00000000e4c00000, 0x00000000e4c00000| Untracked 
|  77|0x00000000e4d00000, 0x00000000e4d00000, 0x00000000e4e00000|  0%| F|  |TAMS 0x00000000e4d00000, 0x00000000e4d00000| Untracked 
|  78|0x00000000e4e00000, 0x00000000e4e00000, 0x00000000e4f00000|  0%| F|  |TAMS 0x00000000e4e00000, 0x00000000e4e00000| Untracked 
|  79|0x00000000e4f00000, 0x00000000e4f00000, 0x00000000e5000000|  0%| F|  |TAMS 0x00000000e4f00000, 0x00000000e4f00000| Untracked 
|  80|0x00000000e5000000, 0x00000000e5000000, 0x00000000e5100000|  0%| F|  |TAMS 0x00000000e5000000, 0x00000000e5000000| Untracked 
|  81|0x00000000e5100000, 0x00000000e5100000, 0x00000000e5200000|  0%| F|  |TAMS 0x00000000e5100000, 0x00000000e5100000| Untracked 
|  82|0x00000000e5200000, 0x00000000e5200000, 0x00000000e5300000|  0%| F|  |TAMS 0x00000000e5200000, 0x00000000e5200000| Untracked 
|  83|0x00000000e5300000, 0x00000000e5300000, 0x00000000e5400000|  0%| F|  |TAMS 0x00000000e5300000, 0x00000000e5300000| Untracked 
|  84|0x00000000e5400000, 0x00000000e5400000, 0x00000000e5500000|  0%| F|  |TAMS 0x00000000e5400000, 0x00000000e5400000| Untracked 
|  85|0x00000000e5500000, 0x00000000e5500000, 0x00000000e5600000|  0%| F|  |TAMS 0x00000000e5500000, 0x00000000e5500000| Untracked 
|  86|0x00000000e5600000, 0x00000000e5600000, 0x00000000e5700000|  0%| F|  |TAMS 0x00000000e5600000, 0x00000000e5600000| Untracked 
|  87|0x00000000e5700000, 0x00000000e5700000, 0x00000000e5800000|  0%| F|  |TAMS 0x00000000e5700000, 0x00000000e5700000| Untracked 
|  88|0x00000000e5800000, 0x00000000e58f9228, 0x00000000e5900000| 97%| S|CS|TAMS 0x00000000e5800000, 0x00000000e5800000| Complete 
|  89|0x00000000e5900000, 0x00000000e5a00000, 0x00000000e5a00000|100%| S|CS|TAMS 0x00000000e5900000, 0x00000000e5900000| Complete 
|  90|0x00000000e5a00000, 0x00000000e5b00000, 0x00000000e5b00000|100%| S|CS|TAMS 0x00000000e5a00000, 0x00000000e5a00000| Complete 
|  91|0x00000000e5b00000, 0x00000000e5c00000, 0x00000000e5c00000|100%| S|CS|TAMS 0x00000000e5b00000, 0x00000000e5b00000| Complete 
|  92|0x00000000e5c00000, 0x00000000e5d00000, 0x00000000e5d00000|100%| S|CS|TAMS 0x00000000e5c00000, 0x00000000e5c00000| Complete 
|  93|0x00000000e5d00000, 0x00000000e5e00000, 0x00000000e5e00000|100%| S|CS|TAMS 0x00000000e5d00000, 0x00000000e5d00000| Complete 
|  94|0x00000000e5e00000, 0x00000000e5f00000, 0x00000000e5f00000|100%| S|CS|TAMS 0x00000000e5e00000, 0x00000000e5e00000| Complete 
|  95|0x00000000e5f00000, 0x00000000e6000000, 0x00000000e6000000|100%| S|CS|TAMS 0x00000000e5f00000, 0x00000000e5f00000| Complete 
|  96|0x00000000e6000000, 0x00000000e6100000, 0x00000000e6100000|100%| S|CS|TAMS 0x00000000e6000000, 0x00000000e6000000| Complete 
|  97|0x00000000e6100000, 0x00000000e6200000, 0x00000000e6200000|100%| S|CS|TAMS 0x00000000e6100000, 0x00000000e6100000| Complete 
|  98|0x00000000e6200000, 0x00000000e6300000, 0x00000000e6300000|100%| S|CS|TAMS 0x00000000e6200000, 0x00000000e6200000| Complete 
|  99|0x00000000e6300000, 0x00000000e6400000, 0x00000000e6400000|100%| S|CS|TAMS 0x00000000e6300000, 0x00000000e6300000| Complete 
| 100|0x00000000e6400000, 0x00000000e6500000, 0x00000000e6500000|100%| S|CS|TAMS 0x00000000e6400000, 0x00000000e6400000| Complete 
| 101|0x00000000e6500000, 0x00000000e6600000, 0x00000000e6600000|100%| S|CS|TAMS 0x00000000e6500000, 0x00000000e6500000| Complete 
| 102|0x00000000e6600000, 0x00000000e6700000, 0x00000000e6700000|100%| S|CS|TAMS 0x00000000e6600000, 0x00000000e6600000| Complete 
| 103|0x00000000e6700000, 0x00000000e6700000, 0x00000000e6800000|  0%| F|  |TAMS 0x00000000e6700000, 0x00000000e6700000| Untracked 
| 104|0x00000000e6800000, 0x00000000e6800000, 0x00000000e6900000|  0%| F|  |TAMS 0x00000000e6800000, 0x00000000e6800000| Untracked 
| 105|0x00000000e6900000, 0x00000000e6900000, 0x00000000e6a00000|  0%| F|  |TAMS 0x00000000e6900000, 0x00000000e6900000| Untracked 
| 106|0x00000000e6a00000, 0x00000000e6a00000, 0x00000000e6b00000|  0%| F|  |TAMS 0x00000000e6a00000, 0x00000000e6a00000| Untracked 
| 107|0x00000000e6b00000, 0x00000000e6b00000, 0x00000000e6c00000|  0%| F|  |TAMS 0x00000000e6b00000, 0x00000000e6b00000| Untracked 
| 108|0x00000000e6c00000, 0x00000000e6c00000, 0x00000000e6d00000|  0%| F|  |TAMS 0x00000000e6c00000, 0x00000000e6c00000| Untracked 
| 109|0x00000000e6d00000, 0x00000000e6d00000, 0x00000000e6e00000|  0%| F|  |TAMS 0x00000000e6d00000, 0x00000000e6d00000| Untracked 
| 110|0x00000000e6e00000, 0x00000000e6e00000, 0x00000000e6f00000|  0%| F|  |TAMS 0x00000000e6e00000, 0x00000000e6e00000| Untracked 
| 111|0x00000000e6f00000, 0x00000000e6f00000, 0x00000000e7000000|  0%| F|  |TAMS 0x00000000e6f00000, 0x00000000e6f00000| Untracked 
| 112|0x00000000e7000000, 0x00000000e7000000, 0x00000000e7100000|  0%| F|  |TAMS 0x00000000e7000000, 0x00000000e7000000| Untracked 
| 113|0x00000000e7100000, 0x00000000e7100000, 0x00000000e7200000|  0%| F|  |TAMS 0x00000000e7100000, 0x00000000e7100000| Untracked 
| 114|0x00000000e7200000, 0x00000000e7200000, 0x00000000e7300000|  0%| F|  |TAMS 0x00000000e7200000, 0x00000000e7200000| Untracked 
| 115|0x00000000e7300000, 0x00000000e7300000, 0x00000000e7400000|  0%| F|  |TAMS 0x00000000e7300000, 0x00000000e7300000| Untracked 
| 116|0x00000000e7400000, 0x00000000e7400000, 0x00000000e7500000|  0%| F|  |TAMS 0x00000000e7400000, 0x00000000e7400000| Untracked 
| 117|0x00000000e7500000, 0x00000000e7500000, 0x00000000e7600000|  0%| F|  |TAMS 0x00000000e7500000, 0x00000000e7500000| Untracked 
| 118|0x00000000e7600000, 0x00000000e7600000, 0x00000000e7700000|  0%| F|  |TAMS 0x00000000e7600000, 0x00000000e7600000| Untracked 
| 119|0x00000000e7700000, 0x00000000e7700000, 0x00000000e7800000|  0%| F|  |TAMS 0x00000000e7700000, 0x00000000e7700000| Untracked 
| 120|0x00000000e7800000, 0x00000000e7800000, 0x00000000e7900000|  0%| F|  |TAMS 0x00000000e7800000, 0x00000000e7800000| Untracked 
| 121|0x00000000e7900000, 0x00000000e7900000, 0x00000000e7a00000|  0%| F|  |TAMS 0x00000000e7900000, 0x00000000e7900000| Untracked 
| 122|0x00000000e7a00000, 0x00000000e7a00000, 0x00000000e7b00000|  0%| F|  |TAMS 0x00000000e7a00000, 0x00000000e7a00000| Untracked 
| 123|0x00000000e7b00000, 0x00000000e7b00000, 0x00000000e7c00000|  0%| F|  |TAMS 0x00000000e7b00000, 0x00000000e7b00000| Untracked 
| 124|0x00000000e7c00000, 0x00000000e7c00000, 0x00000000e7d00000|  0%| F|  |TAMS 0x00000000e7c00000, 0x00000000e7c00000| Untracked 
| 125|0x00000000e7d00000, 0x00000000e7d00000, 0x00000000e7e00000|  0%| F|  |TAMS 0x00000000e7d00000, 0x00000000e7d00000| Untracked 
| 126|0x00000000e7e00000, 0x00000000e7e00000, 0x00000000e7f00000|  0%| F|  |TAMS 0x00000000e7e00000, 0x00000000e7e00000| Untracked 
| 127|0x00000000e7f00000, 0x00000000e7f00000, 0x00000000e8000000|  0%| F|  |TAMS 0x00000000e7f00000, 0x00000000e7f00000| Untracked 
| 128|0x00000000e8000000, 0x00000000e8000000, 0x00000000e8100000|  0%| F|  |TAMS 0x00000000e8000000, 0x00000000e8000000| Untracked 
| 129|0x00000000e8100000, 0x00000000e8100000, 0x00000000e8200000|  0%| F|  |TAMS 0x00000000e8100000, 0x00000000e8100000| Untracked 
| 130|0x00000000e8200000, 0x00000000e8200000, 0x00000000e8300000|  0%| F|  |TAMS 0x00000000e8200000, 0x00000000e8200000| Untracked 
| 131|0x00000000e8300000, 0x00000000e8300000, 0x00000000e8400000|  0%| F|  |TAMS 0x00000000e8300000, 0x00000000e8300000| Untracked 
| 132|0x00000000e8400000, 0x00000000e8400000, 0x00000000e8500000|  0%| F|  |TAMS 0x00000000e8400000, 0x00000000e8400000| Untracked 
| 133|0x00000000e8500000, 0x00000000e8500000, 0x00000000e8600000|  0%| F|  |TAMS 0x00000000e8500000, 0x00000000e8500000| Untracked 
| 134|0x00000000e8600000, 0x00000000e8600000, 0x00000000e8700000|  0%| F|  |TAMS 0x00000000e8600000, 0x00000000e8600000| Untracked 
| 135|0x00000000e8700000, 0x00000000e8700000, 0x00000000e8800000|  0%| F|  |TAMS 0x00000000e8700000, 0x00000000e8700000| Untracked 
| 136|0x00000000e8800000, 0x00000000e8800000, 0x00000000e8900000|  0%| F|  |TAMS 0x00000000e8800000, 0x00000000e8800000| Untracked 
| 137|0x00000000e8900000, 0x00000000e8900000, 0x00000000e8a00000|  0%| F|  |TAMS 0x00000000e8900000, 0x00000000e8900000| Untracked 
| 138|0x00000000e8a00000, 0x00000000e8a00000, 0x00000000e8b00000|  0%| F|  |TAMS 0x00000000e8a00000, 0x00000000e8a00000| Untracked 
| 139|0x00000000e8b00000, 0x00000000e8b00000, 0x00000000e8c00000|  0%| F|  |TAMS 0x00000000e8b00000, 0x00000000e8b00000| Untracked 
| 140|0x00000000e8c00000, 0x00000000e8c00000, 0x00000000e8d00000|  0%| F|  |TAMS 0x00000000e8c00000, 0x00000000e8c00000| Untracked 
| 141|0x00000000e8d00000, 0x00000000e8d00000, 0x00000000e8e00000|  0%| F|  |TAMS 0x00000000e8d00000, 0x00000000e8d00000| Untracked 
| 142|0x00000000e8e00000, 0x00000000e8e00000, 0x00000000e8f00000|  0%| F|  |TAMS 0x00000000e8e00000, 0x00000000e8e00000| Untracked 
| 143|0x00000000e8f00000, 0x00000000e8f00000, 0x00000000e9000000|  0%| F|  |TAMS 0x00000000e8f00000, 0x00000000e8f00000| Untracked 
| 144|0x00000000e9000000, 0x00000000e9000000, 0x00000000e9100000|  0%| F|  |TAMS 0x00000000e9000000, 0x00000000e9000000| Untracked 
| 145|0x00000000e9100000, 0x00000000e9100000, 0x00000000e9200000|  0%| F|  |TAMS 0x00000000e9100000, 0x00000000e9100000| Untracked 
| 146|0x00000000e9200000, 0x00000000e9200000, 0x00000000e9300000|  0%| F|  |TAMS 0x00000000e9200000, 0x00000000e9200000| Untracked 
| 147|0x00000000e9300000, 0x00000000e9300000, 0x00000000e9400000|  0%| F|  |TAMS 0x00000000e9300000, 0x00000000e9300000| Untracked 
| 148|0x00000000e9400000, 0x00000000e9400000, 0x00000000e9500000|  0%| F|  |TAMS 0x00000000e9400000, 0x00000000e9400000| Untracked 
| 149|0x00000000e9500000, 0x00000000e9500000, 0x00000000e9600000|  0%| F|  |TAMS 0x00000000e9500000, 0x00000000e9500000| Untracked 
| 150|0x00000000e9600000, 0x00000000e9600000, 0x00000000e9700000|  0%| F|  |TAMS 0x00000000e9600000, 0x00000000e9600000| Untracked 
| 151|0x00000000e9700000, 0x00000000e9700000, 0x00000000e9800000|  0%| F|  |TAMS 0x00000000e9700000, 0x00000000e9700000| Untracked 
| 152|0x00000000e9800000, 0x00000000e9800000, 0x00000000e9900000|  0%| F|  |TAMS 0x00000000e9800000, 0x00000000e9800000| Untracked 
| 153|0x00000000e9900000, 0x00000000e9900000, 0x00000000e9a00000|  0%| F|  |TAMS 0x00000000e9900000, 0x00000000e9900000| Untracked 
| 154|0x00000000e9a00000, 0x00000000e9a00000, 0x00000000e9b00000|  0%| F|  |TAMS 0x00000000e9a00000, 0x00000000e9a00000| Untracked 
| 155|0x00000000e9b00000, 0x00000000e9b00000, 0x00000000e9c00000|  0%| F|  |TAMS 0x00000000e9b00000, 0x00000000e9b00000| Untracked 
| 156|0x00000000e9c00000, 0x00000000e9c00000, 0x00000000e9d00000|  0%| F|  |TAMS 0x00000000e9c00000, 0x00000000e9c00000| Untracked 
| 157|0x00000000e9d00000, 0x00000000e9d00000, 0x00000000e9e00000|  0%| F|  |TAMS 0x00000000e9d00000, 0x00000000e9d00000| Untracked 
| 158|0x00000000e9e00000, 0x00000000e9e00000, 0x00000000e9f00000|  0%| F|  |TAMS 0x00000000e9e00000, 0x00000000e9e00000| Untracked 
| 159|0x00000000e9f00000, 0x00000000e9f00000, 0x00000000ea000000|  0%| F|  |TAMS 0x00000000e9f00000, 0x00000000e9f00000| Untracked 
| 160|0x00000000ea000000, 0x00000000ea000000, 0x00000000ea100000|  0%| F|  |TAMS 0x00000000ea000000, 0x00000000ea000000| Untracked 
| 161|0x00000000ea100000, 0x00000000ea100000, 0x00000000ea200000|  0%| F|  |TAMS 0x00000000ea100000, 0x00000000ea100000| Untracked 
| 162|0x00000000ea200000, 0x00000000ea200000, 0x00000000ea300000|  0%| F|  |TAMS 0x00000000ea200000, 0x00000000ea200000| Untracked 
| 163|0x00000000ea300000, 0x00000000ea300000, 0x00000000ea400000|  0%| F|  |TAMS 0x00000000ea300000, 0x00000000ea300000| Untracked 
| 164|0x00000000ea400000, 0x00000000ea400000, 0x00000000ea500000|  0%| F|  |TAMS 0x00000000ea400000, 0x00000000ea400000| Untracked 
| 165|0x00000000ea500000, 0x00000000ea500000, 0x00000000ea600000|  0%| F|  |TAMS 0x00000000ea500000, 0x00000000ea500000| Untracked 
| 166|0x00000000ea600000, 0x00000000ea600000, 0x00000000ea700000|  0%| F|  |TAMS 0x00000000ea600000, 0x00000000ea600000| Untracked 
| 167|0x00000000ea700000, 0x00000000ea700000, 0x00000000ea800000|  0%| F|  |TAMS 0x00000000ea700000, 0x00000000ea700000| Untracked 
| 168|0x00000000ea800000, 0x00000000ea800000, 0x00000000ea900000|  0%| F|  |TAMS 0x00000000ea800000, 0x00000000ea800000| Untracked 
| 169|0x00000000ea900000, 0x00000000ea900000, 0x00000000eaa00000|  0%| F|  |TAMS 0x00000000ea900000, 0x00000000ea900000| Untracked 
| 170|0x00000000eaa00000, 0x00000000eaa00000, 0x00000000eab00000|  0%| F|  |TAMS 0x00000000eaa00000, 0x00000000eaa00000| Untracked 
| 171|0x00000000eab00000, 0x00000000eab00000, 0x00000000eac00000|  0%| F|  |TAMS 0x00000000eab00000, 0x00000000eab00000| Untracked 
| 172|0x00000000eac00000, 0x00000000eac00000, 0x00000000ead00000|  0%| F|  |TAMS 0x00000000eac00000, 0x00000000eac00000| Untracked 
| 173|0x00000000ead00000, 0x00000000ead00000, 0x00000000eae00000|  0%| F|  |TAMS 0x00000000ead00000, 0x00000000ead00000| Untracked 
| 174|0x00000000eae00000, 0x00000000eae00000, 0x00000000eaf00000|  0%| F|  |TAMS 0x00000000eae00000, 0x00000000eae00000| Untracked 
| 175|0x00000000eaf00000, 0x00000000eaf00000, 0x00000000eb000000|  0%| F|  |TAMS 0x00000000eaf00000, 0x00000000eaf00000| Untracked 
| 176|0x00000000eb000000, 0x00000000eb000000, 0x00000000eb100000|  0%| F|  |TAMS 0x00000000eb000000, 0x00000000eb000000| Untracked 
| 177|0x00000000eb100000, 0x00000000eb100000, 0x00000000eb200000|  0%| F|  |TAMS 0x00000000eb100000, 0x00000000eb100000| Untracked 
| 178|0x00000000eb200000, 0x00000000eb200000, 0x00000000eb300000|  0%| F|  |TAMS 0x00000000eb200000, 0x00000000eb200000| Untracked 
| 179|0x00000000eb300000, 0x00000000eb300000, 0x00000000eb400000|  0%| F|  |TAMS 0x00000000eb300000, 0x00000000eb300000| Untracked 
| 180|0x00000000eb400000, 0x00000000eb400000, 0x00000000eb500000|  0%| F|  |TAMS 0x00000000eb400000, 0x00000000eb400000| Untracked 
| 181|0x00000000eb500000, 0x00000000eb500000, 0x00000000eb600000|  0%| F|  |TAMS 0x00000000eb500000, 0x00000000eb500000| Untracked 
| 182|0x00000000eb600000, 0x00000000eb600000, 0x00000000eb700000|  0%| F|  |TAMS 0x00000000eb600000, 0x00000000eb600000| Untracked 
| 183|0x00000000eb700000, 0x00000000eb700000, 0x00000000eb800000|  0%| F|  |TAMS 0x00000000eb700000, 0x00000000eb700000| Untracked 
| 184|0x00000000eb800000, 0x00000000eb800000, 0x00000000eb900000|  0%| F|  |TAMS 0x00000000eb800000, 0x00000000eb800000| Untracked 
| 185|0x00000000eb900000, 0x00000000eb900000, 0x00000000eba00000|  0%| F|  |TAMS 0x00000000eb900000, 0x00000000eb900000| Untracked 
| 186|0x00000000eba00000, 0x00000000eba00000, 0x00000000ebb00000|  0%| F|  |TAMS 0x00000000eba00000, 0x00000000eba00000| Untracked 
| 187|0x00000000ebb00000, 0x00000000ebb00000, 0x00000000ebc00000|  0%| F|  |TAMS 0x00000000ebb00000, 0x00000000ebb00000| Untracked 
| 188|0x00000000ebc00000, 0x00000000ebc00000, 0x00000000ebd00000|  0%| F|  |TAMS 0x00000000ebc00000, 0x00000000ebc00000| Untracked 
| 189|0x00000000ebd00000, 0x00000000ebd00000, 0x00000000ebe00000|  0%| F|  |TAMS 0x00000000ebd00000, 0x00000000ebd00000| Untracked 
| 190|0x00000000ebe00000, 0x00000000ebe00000, 0x00000000ebf00000|  0%| F|  |TAMS 0x00000000ebe00000, 0x00000000ebe00000| Untracked 
| 191|0x00000000ebf00000, 0x00000000ebf00000, 0x00000000ec000000|  0%| F|  |TAMS 0x00000000ebf00000, 0x00000000ebf00000| Untracked 
| 192|0x00000000ec000000, 0x00000000ec000000, 0x00000000ec100000|  0%| F|  |TAMS 0x00000000ec000000, 0x00000000ec000000| Untracked 
| 193|0x00000000ec100000, 0x00000000ec100000, 0x00000000ec200000|  0%| F|  |TAMS 0x00000000ec100000, 0x00000000ec100000| Untracked 
| 194|0x00000000ec200000, 0x00000000ec200000, 0x00000000ec300000|  0%| F|  |TAMS 0x00000000ec200000, 0x00000000ec200000| Untracked 
| 195|0x00000000ec300000, 0x00000000ec300000, 0x00000000ec400000|  0%| F|  |TAMS 0x00000000ec300000, 0x00000000ec300000| Untracked 
| 196|0x00000000ec400000, 0x00000000ec400000, 0x00000000ec500000|  0%| F|  |TAMS 0x00000000ec400000, 0x00000000ec400000| Untracked 
| 197|0x00000000ec500000, 0x00000000ec500000, 0x00000000ec600000|  0%| F|  |TAMS 0x00000000ec500000, 0x00000000ec500000| Untracked 
| 198|0x00000000ec600000, 0x00000000ec600000, 0x00000000ec700000|  0%| F|  |TAMS 0x00000000ec600000, 0x00000000ec600000| Untracked 
| 199|0x00000000ec700000, 0x00000000ec700000, 0x00000000ec800000|  0%| F|  |TAMS 0x00000000ec700000, 0x00000000ec700000| Untracked 
| 200|0x00000000ec800000, 0x00000000ec800000, 0x00000000ec900000|  0%| F|  |TAMS 0x00000000ec800000, 0x00000000ec800000| Untracked 
| 201|0x00000000ec900000, 0x00000000eca00000, 0x00000000eca00000|100%| E|  |TAMS 0x00000000ec900000, 0x00000000ec900000| Complete 
| 202|0x00000000eca00000, 0x00000000ecb00000, 0x00000000ecb00000|100%| E|CS|TAMS 0x00000000eca00000, 0x00000000eca00000| Complete 
| 203|0x00000000ecb00000, 0x00000000ecc00000, 0x00000000ecc00000|100%| E|CS|TAMS 0x00000000ecb00000, 0x00000000ecb00000| Complete 
| 204|0x00000000ecc00000, 0x00000000ecd00000, 0x00000000ecd00000|100%| E|CS|TAMS 0x00000000ecc00000, 0x00000000ecc00000| Complete 
| 205|0x00000000ecd00000, 0x00000000ece00000, 0x00000000ece00000|100%| E|CS|TAMS 0x00000000ecd00000, 0x00000000ecd00000| Complete 
| 206|0x00000000ece00000, 0x00000000ecf00000, 0x00000000ecf00000|100%| E|CS|TAMS 0x00000000ece00000, 0x00000000ece00000| Complete 
| 207|0x00000000ecf00000, 0x00000000ed000000, 0x00000000ed000000|100%| E|CS|TAMS 0x00000000ecf00000, 0x00000000ecf00000| Complete 
| 208|0x00000000ed000000, 0x00000000ed100000, 0x00000000ed100000|100%| E|CS|TAMS 0x00000000ed000000, 0x00000000ed000000| Complete 
| 209|0x00000000ed100000, 0x00000000ed200000, 0x00000000ed200000|100%| E|CS|TAMS 0x00000000ed100000, 0x00000000ed100000| Complete 
| 210|0x00000000ed200000, 0x00000000ed300000, 0x00000000ed300000|100%| E|CS|TAMS 0x00000000ed200000, 0x00000000ed200000| Complete 
| 211|0x00000000ed300000, 0x00000000ed400000, 0x00000000ed400000|100%| E|CS|TAMS 0x00000000ed300000, 0x00000000ed300000| Complete 
| 212|0x00000000ed400000, 0x00000000ed500000, 0x00000000ed500000|100%| E|CS|TAMS 0x00000000ed400000, 0x00000000ed400000| Complete 
| 213|0x00000000ed500000, 0x00000000ed600000, 0x00000000ed600000|100%| E|CS|TAMS 0x00000000ed500000, 0x00000000ed500000| Complete 
| 214|0x00000000ed600000, 0x00000000ed700000, 0x00000000ed700000|100%| E|CS|TAMS 0x00000000ed600000, 0x00000000ed600000| Complete 
| 215|0x00000000ed700000, 0x00000000ed800000, 0x00000000ed800000|100%| E|CS|TAMS 0x00000000ed700000, 0x00000000ed700000| Complete 
| 216|0x00000000ed800000, 0x00000000ed900000, 0x00000000ed900000|100%| E|CS|TAMS 0x00000000ed800000, 0x00000000ed800000| Complete 
| 217|0x00000000ed900000, 0x00000000eda00000, 0x00000000eda00000|100%| E|CS|TAMS 0x00000000ed900000, 0x00000000ed900000| Complete 
| 218|0x00000000eda00000, 0x00000000edb00000, 0x00000000edb00000|100%| E|CS|TAMS 0x00000000eda00000, 0x00000000eda00000| Complete 
| 219|0x00000000edb00000, 0x00000000edc00000, 0x00000000edc00000|100%| E|CS|TAMS 0x00000000edb00000, 0x00000000edb00000| Complete 
| 220|0x00000000edc00000, 0x00000000edd00000, 0x00000000edd00000|100%| E|CS|TAMS 0x00000000edc00000, 0x00000000edc00000| Complete 
| 221|0x00000000edd00000, 0x00000000ede00000, 0x00000000ede00000|100%| E|CS|TAMS 0x00000000edd00000, 0x00000000edd00000| Complete 
| 222|0x00000000ede00000, 0x00000000edf00000, 0x00000000edf00000|100%| E|CS|TAMS 0x00000000ede00000, 0x00000000ede00000| Complete 
| 223|0x00000000edf00000, 0x00000000ee000000, 0x00000000ee000000|100%| E|CS|TAMS 0x00000000edf00000, 0x00000000edf00000| Complete 
| 224|0x00000000ee000000, 0x00000000ee100000, 0x00000000ee100000|100%| E|CS|TAMS 0x00000000ee000000, 0x00000000ee000000| Complete 
| 225|0x00000000ee100000, 0x00000000ee200000, 0x00000000ee200000|100%| E|CS|TAMS 0x00000000ee100000, 0x00000000ee100000| Complete 
| 226|0x00000000ee200000, 0x00000000ee300000, 0x00000000ee300000|100%| E|CS|TAMS 0x00000000ee200000, 0x00000000ee200000| Complete 
| 227|0x00000000ee300000, 0x00000000ee400000, 0x00000000ee400000|100%| E|CS|TAMS 0x00000000ee300000, 0x00000000ee300000| Complete 
| 228|0x00000000ee400000, 0x00000000ee500000, 0x00000000ee500000|100%| E|CS|TAMS 0x00000000ee400000, 0x00000000ee400000| Complete 
| 229|0x00000000ee500000, 0x00000000ee600000, 0x00000000ee600000|100%| E|CS|TAMS 0x00000000ee500000, 0x00000000ee500000| Complete 
| 230|0x00000000ee600000, 0x00000000ee700000, 0x00000000ee700000|100%| E|CS|TAMS 0x00000000ee600000, 0x00000000ee600000| Complete 
| 231|0x00000000ee700000, 0x00000000ee800000, 0x00000000ee800000|100%| E|CS|TAMS 0x00000000ee700000, 0x00000000ee700000| Complete 
| 232|0x00000000ee800000, 0x00000000ee900000, 0x00000000ee900000|100%| E|CS|TAMS 0x00000000ee800000, 0x00000000ee800000| Complete 
| 233|0x00000000ee900000, 0x00000000eea00000, 0x00000000eea00000|100%| E|CS|TAMS 0x00000000ee900000, 0x00000000ee900000| Complete 
| 234|0x00000000eea00000, 0x00000000eeb00000, 0x00000000eeb00000|100%| E|CS|TAMS 0x00000000eea00000, 0x00000000eea00000| Complete 
| 235|0x00000000eeb00000, 0x00000000eec00000, 0x00000000eec00000|100%| E|CS|TAMS 0x00000000eeb00000, 0x00000000eeb00000| Complete 
| 236|0x00000000eec00000, 0x00000000eed00000, 0x00000000eed00000|100%| E|CS|TAMS 0x00000000eec00000, 0x00000000eec00000| Complete 
| 237|0x00000000eed00000, 0x00000000eee00000, 0x00000000eee00000|100%| E|CS|TAMS 0x00000000eed00000, 0x00000000eed00000| Complete 
| 238|0x00000000eee00000, 0x00000000eef00000, 0x00000000eef00000|100%| E|CS|TAMS 0x00000000eee00000, 0x00000000eee00000| Complete 
| 239|0x00000000eef00000, 0x00000000ef000000, 0x00000000ef000000|100%| E|CS|TAMS 0x00000000eef00000, 0x00000000eef00000| Complete 
| 240|0x00000000ef000000, 0x00000000ef100000, 0x00000000ef100000|100%| E|CS|TAMS 0x00000000ef000000, 0x00000000ef000000| Complete 
| 241|0x00000000ef100000, 0x00000000ef200000, 0x00000000ef200000|100%| E|CS|TAMS 0x00000000ef100000, 0x00000000ef100000| Complete 
| 242|0x00000000ef200000, 0x00000000ef300000, 0x00000000ef300000|100%| E|CS|TAMS 0x00000000ef200000, 0x00000000ef200000| Complete 
| 243|0x00000000ef300000, 0x00000000ef400000, 0x00000000ef400000|100%| E|CS|TAMS 0x00000000ef300000, 0x00000000ef300000| Complete 
| 244|0x00000000ef400000, 0x00000000ef500000, 0x00000000ef500000|100%| E|CS|TAMS 0x00000000ef400000, 0x00000000ef400000| Complete 
| 245|0x00000000ef500000, 0x00000000ef600000, 0x00000000ef600000|100%| E|CS|TAMS 0x00000000ef500000, 0x00000000ef500000| Complete 
| 246|0x00000000ef600000, 0x00000000ef700000, 0x00000000ef700000|100%| E|CS|TAMS 0x00000000ef600000, 0x00000000ef600000| Complete 
| 247|0x00000000ef700000, 0x00000000ef800000, 0x00000000ef800000|100%| E|CS|TAMS 0x00000000ef700000, 0x00000000ef700000| Complete 
| 248|0x00000000ef800000, 0x00000000ef900000, 0x00000000ef900000|100%| E|CS|TAMS 0x00000000ef800000, 0x00000000ef800000| Complete 
| 249|0x00000000ef900000, 0x00000000efa00000, 0x00000000efa00000|100%| E|CS|TAMS 0x00000000ef900000, 0x00000000ef900000| Complete 
| 250|0x00000000efa00000, 0x00000000efb00000, 0x00000000efb00000|100%| E|CS|TAMS 0x00000000efa00000, 0x00000000efa00000| Complete 
| 251|0x00000000efb00000, 0x00000000efc00000, 0x00000000efc00000|100%| E|CS|TAMS 0x00000000efb00000, 0x00000000efb00000| Complete 
| 252|0x00000000efc00000, 0x00000000efd00000, 0x00000000efd00000|100%| E|CS|TAMS 0x00000000efc00000, 0x00000000efc00000| Complete 
| 253|0x00000000efd00000, 0x00000000efe00000, 0x00000000efe00000|100%| E|CS|TAMS 0x00000000efd00000, 0x00000000efd00000| Complete 
| 254|0x00000000efe00000, 0x00000000eff00000, 0x00000000eff00000|100%| E|CS|TAMS 0x00000000efe00000, 0x00000000efe00000| Complete 
| 255|0x00000000eff00000, 0x00000000f0000000, 0x00000000f0000000|100%| E|CS|TAMS 0x00000000eff00000, 0x00000000eff00000| Complete 

Card table byte_map: [0x000002063a0d0000,0x000002063a1d0000] _byte_map_base: 0x00000206399d0000

Marking Bits (Prev, Next): (CMBitMap*) 0x0000020623453400, (CMBitMap*) 0x0000020623453440
 Prev Bits: [0x000002063a2d0000, 0x000002063aad0000)
 Next Bits: [0x000002063aad0000, 0x000002063b2d0000)

Polling page: 0x00000206213c0000

Metaspace:

Usage:
  Non-class:     43.49 MB used.
      Class:      7.29 MB used.
       Both:     50.78 MB used.

Virtual space:
  Non-class space:       48.00 MB reserved,      43.81 MB ( 91%) committed,  6 nodes.
      Class space:      308.00 MB reserved,       7.56 MB (  2%) committed,  1 nodes.
             Both:      356.00 MB reserved,      51.38 MB ( 14%) committed. 

Chunk freelists:
   Non-Class:  3.77 MB
       Class:  317.00 KB
        Both:  4.08 MB

MaxMetaspaceSize: 384.00 MB
CompressedClassSpaceSize: 308.00 MB
Initial GC threshold: 21.00 MB
Current GC threshold: 58.69 MB
CDS: on
MetaspaceReclaimPolicy: balanced
 - commit_granule_bytes: 65536.
 - commit_granule_words: 8192.
 - virtual_space_node_default_size: 1048576.
 - enlarge_chunks_in_place: 1.
 - new_chunks_are_fully_committed: 0.
 - uncommit_free_chunks: 1.
 - use_allocation_guard: 0.
 - handle_deallocations: 1.


Internal statistics:

num_allocs_failed_limit: 6.
num_arena_births: 606.
num_arena_deaths: 0.
num_vsnodes_births: 7.
num_vsnodes_deaths: 0.
num_space_committed: 822.
num_space_uncommitted: 0.
num_chunks_returned_to_freelist: 6.
num_chunks_taken_from_freelist: 2777.
num_chunk_merges: 6.
num_chunk_splits: 1792.
num_chunks_enlarged: 1181.
num_purges: 0.
num_inconsistent_stats: 0.

CodeHeap 'non-profiled nmethods': size=120000Kb used=3660Kb max_used=3660Kb free=116339Kb
 bounds [0x0000020632770000, 0x0000020632b10000, 0x0000020639ca0000]
CodeHeap 'profiled nmethods': size=120000Kb used=11585Kb max_used=11585Kb free=108414Kb
 bounds [0x000002062aca0000, 0x000002062b800000, 0x00000206321d0000]
CodeHeap 'non-nmethods': size=5760Kb used=2344Kb max_used=2406Kb free=3416Kb
 bounds [0x00000206321d0000, 0x0000020632440000, 0x0000020632770000]
 total_blobs=6695 nmethods=5843 adapters=764
 compilation: enabled
              stopped_count=0, restarted_count=0
 full_count=0

Compilation events (20 events):
Event: 8.146 Thread 0x0000020641fd7eb0 6503       4       org.objectweb.asm.MethodWriter::addSuccessorToCurrentBasicBlock (24 bytes)
Event: 8.148 Thread 0x000002063dd37560 6504       3       org.gradle.api.internal.file.AbstractFileCollection::<init> (15 bytes)
Event: 8.148 Thread 0x000002063dd37560 nmethod 6504 0x000002062b7be610 code [0x000002062b7be7c0, 0x000002062b7be9d8]
Event: 8.150 Thread 0x0000020641fd7eb0 nmethod 6503 0x0000020632ae6810 code [0x0000020632ae69a0, 0x0000020632ae6cd8]
Event: 8.151 Thread 0x0000020641fd7eb0 6505       4       java.util.ArrayList::toArray (57 bytes)
Event: 8.152 Thread 0x00000206402d98b0 6506       4       jdk.internal.reflect.ConstantPool::getUTF8At (10 bytes)
Event: 8.152 Thread 0x00000206402d98b0 nmethod 6506 0x0000020632ae6e10 code [0x0000020632ae6fa0, 0x0000020632ae7048]
Event: 8.152 Thread 0x00000206402d98b0 6509       4       sun.reflect.generics.visitor.Reifier::visitClassTypeSignature (381 bytes)
Event: 8.153 Thread 0x000002063dd37560 6510       3       org.gradle.internal.instantiation.generator.AbstractClassGenerator$ExtensibleTypePropertyHandler::applyTo (273 bytes)
Event: 8.154 Thread 0x0000020641fd7eb0 nmethod 6505 0x0000020632ae7110 code [0x0000020632ae72a0, 0x0000020632ae7758]
Event: 8.154 Thread 0x000002063dd37560 nmethod 6510 0x000002062b7bea90 code [0x000002062b7bede0, 0x000002062b7c05a8]
Event: 8.156 Thread 0x0000020641fd7eb0 6507       4       java.lang.AbstractStringBuilder::<init> (63 bytes)
Event: 8.157 Thread 0x000002063dd37560 6512       3       org.objectweb.asm.SymbolTable::addUninitializedType (103 bytes)
Event: 8.158 Thread 0x000002063dd37560 nmethod 6512 0x000002062b7c0c90 code [0x000002062b7c0ea0, 0x000002062b7c1458]
Event: 8.158 Thread 0x000002063dd37560 6513       3       org.gradle.internal.instantiation.generator.AsmBackedClassGenerator$ClassBuilderImpl::access$3700 (4 bytes)
Event: 8.158 Thread 0x000002063dd37560 nmethod 6513 0x000002062b7c1790 code [0x000002062b7c1920, 0x000002062b7c1a18]
Event: 8.472 Thread 0x000002063dd37560 6515       1       javax.management.ObjectName$Property::setKeyIndex (6 bytes)
Event: 8.472 Thread 0x000002063dd37560 nmethod 6515 0x0000020632ae7910 code [0x0000020632ae7aa0, 0x0000020632ae7b78]
Event: 8.472 Thread 0x000002063dd37560 6516       1       sun.management.MemoryPoolImpl::getName (5 bytes)
Event: 8.472 Thread 0x000002063dd37560 nmethod 6516 0x0000020632ae7c10 code [0x0000020632ae7da0, 0x0000020632ae7e78]

GC Heap History (12 events):
Event: 0.372 GC heap before
{Heap before GC invocations=0 (full 0):
 garbage-first heap   total 262144K, used 23552K [0x00000000e0000000, 0x0000000100000000)
  region size 1024K, 23 young (23552K), 0 survivors (0K)
 Metaspace       used 1095K, committed 1216K, reserved 323584K
  class space    used 77K, committed 128K, reserved 315392K
}
Event: 0.374 GC heap after
{Heap after GC invocations=1 (full 0):
 garbage-first heap   total 262144K, used 2602K [0x00000000e0000000, 0x0000000100000000)
  region size 1024K, 3 young (3072K), 3 survivors (3072K)
 Metaspace       used 1095K, committed 1216K, reserved 323584K
  class space    used 77K, committed 128K, reserved 315392K
}
Event: 0.868 GC heap before
{Heap before GC invocations=1 (full 0):
 garbage-first heap   total 262144K, used 39466K [0x00000000e0000000, 0x0000000100000000)
  region size 1024K, 37 young (37888K), 3 survivors (3072K)
 Metaspace       used 4415K, committed 4608K, reserved 323584K
  class space    used 551K, committed 640K, reserved 315392K
}
Event: 0.871 GC heap after
{Heap after GC invocations=2 (full 0):
 garbage-first heap   total 262144K, used 11198K [0x00000000e0000000, 0x0000000100000000)
  region size 1024K, 5 young (5120K), 5 survivors (5120K)
 Metaspace       used 4415K, committed 4608K, reserved 323584K
  class space    used 551K, committed 640K, reserved 315392K
}
Event: 1.307 GC heap before
{Heap before GC invocations=2 (full 0):
 garbage-first heap   total 262144K, used 58302K [0x00000000e0000000, 0x0000000100000000)
  region size 1024K, 49 young (50176K), 5 survivors (5120K)
 Metaspace       used 4718K, committed 4928K, reserved 323584K
  class space    used 598K, committed 704K, reserved 315392K
}
Event: 1.311 GC heap after
{Heap after GC invocations=3 (full 0):
 garbage-first heap   total 262144K, used 16276K [0x00000000e0000000, 0x0000000100000000)
  region size 1024K, 7 young (7168K), 7 survivors (7168K)
 Metaspace       used 4718K, committed 4928K, reserved 323584K
  class space    used 598K, committed 704K, reserved 315392K
}
Event: 3.111 GC heap before
{Heap before GC invocations=3 (full 0):
 garbage-first heap   total 262144K, used 124820K [0x00000000e0000000, 0x0000000100000000)
  region size 1024K, 114 young (116736K), 7 survivors (7168K)
 Metaspace       used 21119K, committed 21504K, reserved 339968K
  class space    used 3095K, committed 3328K, reserved 315392K
}
Event: 3.122 GC heap after
{Heap after GC invocations=4 (full 0):
 garbage-first heap   total 262144K, used 23839K [0x00000000e0000000, 0x0000000100000000)
  region size 1024K, 15 young (15360K), 15 survivors (15360K)
 Metaspace       used 21119K, committed 21504K, reserved 339968K
  class space    used 3095K, committed 3328K, reserved 315392K
}
Event: 4.649 GC heap before
{Heap before GC invocations=5 (full 0):
 garbage-first heap   total 262144K, used 144671K [0x00000000e0000000, 0x0000000100000000)
  region size 1024K, 130 young (133120K), 15 survivors (15360K)
 Metaspace       used 35510K, committed 35968K, reserved 348160K
  class space    used 4944K, committed 5184K, reserved 315392K
}
Event: 4.661 GC heap after
{Heap after GC invocations=6 (full 0):
 garbage-first heap   total 262144K, used 33289K [0x00000000e0000000, 0x0000000100000000)
  region size 1024K, 17 young (17408K), 17 survivors (17408K)
 Metaspace       used 35510K, committed 35968K, reserved 348160K
  class space    used 4944K, committed 5184K, reserved 315392K
}
Event: 7.575 GC heap before
{Heap before GC invocations=7 (full 0):
 garbage-first heap   total 262144K, used 173577K [0x00000000e0000000, 0x0000000100000000)
  region size 1024K, 153 young (156672K), 17 survivors (17408K)
 Metaspace       used 49516K, committed 50048K, reserved 364544K
  class space    used 7065K, committed 7296K, reserved 315392K
}
Event: 7.588 GC heap after
{Heap after GC invocations=8 (full 0):
 garbage-first heap   total 262144K, used 38727K [0x00000000e0000000, 0x0000000100000000)
  region size 1024K, 15 young (15360K), 15 survivors (15360K)
 Metaspace       used 49516K, committed 50048K, reserved 364544K
  class space    used 7065K, committed 7296K, reserved 315392K
}

Deoptimization events (20 events):
Event: 7.946 Thread 0x000002063f0a6ac0 DEOPT PACKING pc=0x00000206328d0824 sp=0x000000d644af7d10
Event: 7.946 Thread 0x000002063f0a6ac0 DEOPT UNPACKING pc=0x0000020632225ba3 sp=0x000000d644af7cc0 mode 2
Event: 7.980 Thread 0x000002063f0a6ac0 DEOPT PACKING pc=0x000002062b364b4c sp=0x000000d644af6990
Event: 7.980 Thread 0x000002063f0a6ac0 DEOPT UNPACKING pc=0x00000206322266e3 sp=0x000000d644af5dc8 mode 0
Event: 7.981 Thread 0x000002063f0a6ac0 DEOPT PACKING pc=0x000002062b364c64 sp=0x000000d644af6a00
Event: 7.981 Thread 0x000002063f0a6ac0 DEOPT UNPACKING pc=0x00000206322266e3 sp=0x000000d644af5ea0 mode 0
Event: 7.981 Thread 0x000002063f0a6ac0 DEOPT PACKING pc=0x000002062b6a8884 sp=0x000000d644af6a70
Event: 7.981 Thread 0x000002063f0a6ac0 DEOPT UNPACKING pc=0x00000206322266e3 sp=0x000000d644af5e70 mode 0
Event: 8.103 Thread 0x000002063f0a6ac0 Uncommon trap: trap_request=0xffffff45 fr.pc=0x00000206329c5688 relative=0x0000000000000088
Event: 8.103 Thread 0x000002063f0a6ac0 Uncommon trap: reason=unstable_if action=reinterpret pc=0x00000206329c5688 method=java.util.regex.Pattern$LastNode.match(Ljava/util/regex/Matcher;ILjava/lang/CharSequence;)Z @ 13 c2
Event: 8.103 Thread 0x000002063f0a6ac0 DEOPT PACKING pc=0x00000206329c5688 sp=0x000000d644afa550
Event: 8.103 Thread 0x000002063f0a6ac0 DEOPT UNPACKING pc=0x0000020632225ba3 sp=0x000000d644afa4e8 mode 2
Event: 8.103 Thread 0x000002063f0a6ac0 Uncommon trap: trap_request=0xffffff45 fr.pc=0x00000206329aad68 relative=0x00000000000001a8
Event: 8.103 Thread 0x000002063f0a6ac0 Uncommon trap: reason=unstable_if action=reinterpret pc=0x00000206329aad68 method=java.util.regex.Pattern$BmpCharProperty.match(Ljava/util/regex/Matcher;ILjava/lang/CharSequence;)Z @ 39 c2
Event: 8.103 Thread 0x000002063f0a6ac0 DEOPT PACKING pc=0x00000206329aad68 sp=0x000000d644afa740
Event: 8.103 Thread 0x000002063f0a6ac0 DEOPT UNPACKING pc=0x0000020632225ba3 sp=0x000000d644afa710 mode 2
Event: 8.158 Thread 0x000002063f0a6ac0 Uncommon trap: trap_request=0xffffffdc fr.pc=0x0000020632ae7530 relative=0x0000000000000290
Event: 8.158 Thread 0x000002063f0a6ac0 Uncommon trap: reason=class_check action=make_not_entrant pc=0x0000020632ae7530 method=java.util.ArrayList.toArray([Ljava/lang/Object;)[Ljava/lang/Object; @ 21 c2
Event: 8.158 Thread 0x000002063f0a6ac0 DEOPT PACKING pc=0x0000020632ae7530 sp=0x000000d644af8190
Event: 8.158 Thread 0x000002063f0a6ac0 DEOPT UNPACKING pc=0x0000020632225ba3 sp=0x000000d644af8160 mode 2

Classes unloaded (0 events):
No events

Classes redefined (0 events):
No events

Internal exceptions (20 events):
Event: 7.916 Thread 0x000002063f0a6ac0 Exception <a 'java/lang/ClassNotFoundException'{0x00000000ee080148}: org/gradle/api/internal/plugins/NaggingBasePluginConventionBeanInfo> (0x00000000ee080148) 
thrown [s\open\src\hotspot\share\classfile\systemDictionary.cpp, line 256]
Event: 7.916 Thread 0x000002063f0a6ac0 Exception <a 'java/lang/ClassNotFoundException'{0x00000000ee0942e0}: org/gradle/api/plugins/BasePluginConventionBeanInfo> (0x00000000ee0942e0) 
thrown [s\open\src\hotspot\share\classfile\systemDictionary.cpp, line 256]
Event: 7.917 Thread 0x000002063f0a6ac0 Exception <a 'java/lang/ClassNotFoundException'{0x00000000ee0a81f8}: org/gradle/api/plugins/BasePluginConventionCustomizer> (0x00000000ee0a81f8) 
thrown [s\open\src\hotspot\share\classfile\systemDictionary.cpp, line 256]
Event: 7.918 Thread 0x000002063f0a6ac0 Exception <a 'java/lang/ClassNotFoundException'{0x00000000ee0c6a18}: org/gradle/api/internal/plugins/NaggingBasePluginConventionCustomizer> (0x00000000ee0c6a18) 
thrown [s\open\src\hotspot\share\classfile\systemDictionary.cpp, line 256]
Event: 7.922 Thread 0x000002063f0a6ac0 Exception <a 'java/lang/ClassNotFoundException'{0x00000000edf0b4b0}: org/gradle/api/plugins/internal/NaggingJavaPluginConventionBeanInfo> (0x00000000edf0b4b0) 
thrown [s\open\src\hotspot\share\classfile\systemDictionary.cpp, line 256]
Event: 7.922 Thread 0x000002063f0a6ac0 Exception <a 'java/lang/ClassNotFoundException'{0x00000000edf1f3f8}: org/gradle/api/plugins/JavaPluginConventionBeanInfo> (0x00000000edf1f3f8) 
thrown [s\open\src\hotspot\share\classfile\systemDictionary.cpp, line 256]
Event: 7.923 Thread 0x000002063f0a6ac0 Exception <a 'java/lang/ClassNotFoundException'{0x00000000edf33310}: org/gradle/api/plugins/JavaPluginConventionCustomizer> (0x00000000edf33310) 
thrown [s\open\src\hotspot\share\classfile\systemDictionary.cpp, line 256]
Event: 7.924 Thread 0x000002063f0a6ac0 Exception <a 'java/lang/ClassNotFoundException'{0x00000000edf5b7c8}: org/gradle/api/plugins/internal/NaggingJavaPluginConventionCustomizer> (0x00000000edf5b7c8) 
thrown [s\open\src\hotspot\share\classfile\systemDictionary.cpp, line 256]
Event: 8.054 Thread 0x000002063f0a6ac0 Exception <a 'java/lang/ClassNotFoundException'{0x00000000ed6555d8}: org/gradle/api/tasks/testing/Test_DecoratedBeanInfo> (0x00000000ed6555d8) 
thrown [s\open\src\hotspot\share\classfile\systemDictionary.cpp, line 256]
Event: 8.056 Thread 0x000002063f0a6ac0 Exception <a 'java/lang/ClassNotFoundException'{0x00000000ed66b618}: org/gradle/api/tasks/testing/TestBeanInfo> (0x00000000ed66b618) 
thrown [s\open\src\hotspot\share\classfile\systemDictionary.cpp, line 256]
Event: 8.057 Thread 0x000002063f0a6ac0 Exception <a 'java/lang/ClassNotFoundException'{0x00000000ed681c28}: org/gradle/api/tasks/testing/AbstractTestTaskBeanInfo> (0x00000000ed681c28) 
thrown [s\open\src\hotspot\share\classfile\systemDictionary.cpp, line 256]
Event: 8.058 Thread 0x000002063f0a6ac0 Exception <a 'java/lang/ClassNotFoundException'{0x00000000ed695a38}: org/gradle/api/internal/ConventionTaskBeanInfo> (0x00000000ed695a38) 
thrown [s\open\src\hotspot\share\classfile\systemDictionary.cpp, line 256]
Event: 8.058 Thread 0x000002063f0a6ac0 Exception <a 'java/lang/ClassNotFoundException'{0x00000000ed6a9398}: org/gradle/api/DefaultTaskBeanInfo> (0x00000000ed6a9398) 
thrown [s\open\src\hotspot\share\classfile\systemDictionary.cpp, line 256]
Event: 8.059 Thread 0x000002063f0a6ac0 Exception <a 'java/lang/ClassNotFoundException'{0x00000000ed6bd130}: org/gradle/api/internal/AbstractTaskBeanInfo> (0x00000000ed6bd130) 
thrown [s\open\src\hotspot\share\classfile\systemDictionary.cpp, line 256]
Event: 8.060 Thread 0x000002063f0a6ac0 Exception <a 'java/lang/ClassNotFoundException'{0x00000000ed6d0f10}: org/gradle/api/internal/AbstractTaskCustomizer> (0x00000000ed6d0f10) 
thrown [s\open\src\hotspot\share\classfile\systemDictionary.cpp, line 256]
Event: 8.062 Thread 0x000002063f0a6ac0 Exception <a 'java/lang/ClassNotFoundException'{0x00000000ed537488}: org/gradle/api/DefaultTaskCustomizer> (0x00000000ed537488) 
thrown [s\open\src\hotspot\share\classfile\systemDictionary.cpp, line 256]
Event: 8.065 Thread 0x000002063f0a6ac0 Exception <a 'java/lang/ClassNotFoundException'{0x00000000ed5a7da0}: org/gradle/api/internal/ConventionTaskCustomizer> (0x00000000ed5a7da0) 
thrown [s\open\src\hotspot\share\classfile\systemDictionary.cpp, line 256]
Event: 8.066 Thread 0x000002063f0a6ac0 Exception <a 'java/lang/ClassNotFoundException'{0x00000000ed5cd748}: org/gradle/api/tasks/testing/AbstractTestTaskCustomizer> (0x00000000ed5cd748) 
thrown [s\open\src\hotspot\share\classfile\systemDictionary.cpp, line 256]
Event: 8.068 Thread 0x000002063f0a6ac0 Exception <a 'java/lang/ClassNotFoundException'{0x00000000ed400ff8}: org/gradle/api/tasks/testing/TestCustomizer> (0x00000000ed400ff8) 
thrown [s\open\src\hotspot\share\classfile\systemDictionary.cpp, line 256]
Event: 8.073 Thread 0x000002063f0a6ac0 Exception <a 'java/lang/ClassNotFoundException'{0x00000000ed4a0d78}: org/gradle/api/tasks/testing/Test_DecoratedCustomizer> (0x00000000ed4a0d78) 
thrown [s\open\src\hotspot\share\classfile\systemDictionary.cpp, line 256]

VM Operations (20 events):
Event: 5.992 Executing VM operation: HandshakeAllThreads
Event: 5.992 Executing VM operation: HandshakeAllThreads done
Event: 6.136 Executing VM operation: HandshakeAllThreads
Event: 6.136 Executing VM operation: HandshakeAllThreads done
Event: 6.138 Executing VM operation: HandshakeAllThreads
Event: 6.138 Executing VM operation: HandshakeAllThreads done
Event: 6.331 Executing VM operation: ICBufferFull
Event: 6.331 Executing VM operation: ICBufferFull done
Event: 6.512 Executing VM operation: ICBufferFull
Event: 6.513 Executing VM operation: ICBufferFull done
Event: 6.676 Executing VM operation: ICBufferFull
Event: 6.676 Executing VM operation: ICBufferFull done
Event: 7.575 Executing VM operation: G1CollectForAllocation
Event: 7.588 Executing VM operation: G1CollectForAllocation done
Event: 7.858 Executing VM operation: ICBufferFull
Event: 7.858 Executing VM operation: ICBufferFull done
Event: 7.978 Executing VM operation: HandshakeAllThreads
Event: 7.978 Executing VM operation: HandshakeAllThreads done
Event: 8.991 Executing VM operation: Cleanup
Event: 8.992 Executing VM operation: Cleanup done

Events (20 events):
Event: 7.766 loading class sun/reflect/generics/tree/BooleanSignature done
Event: 7.775 loading class org/xml/sax/Locator
Event: 7.775 loading class org/xml/sax/Locator done
Event: 7.775 loading class org/xml/sax/SAXParseException
Event: 7.775 loading class org/xml/sax/SAXParseException done
Event: 7.777 loading class org/xml/sax/Attributes
Event: 7.777 loading class org/xml/sax/Attributes done
Event: 7.838 loading class java/util/AbstractCollectionBeanInfo
Event: 7.838 loading class java/util/AbstractCollectionBeanInfo done
Event: 7.838 loading class java/util/AbstractCollectionBeanInfo
Event: 7.838 loading class java/util/AbstractCollectionBeanInfo done
Event: 7.838 loading class java/util/AbstractCollectionCustomizer
Event: 7.838 loading class java/util/AbstractCollectionCustomizer done
Event: 7.838 loading class java/util/AbstractCollectionCustomizer
Event: 7.838 loading class java/util/AbstractCollectionCustomizer done
Event: 7.838 loading class sun/reflect/generics/reflectiveObjects/GenericArrayTypeImpl
Event: 7.839 loading class sun/reflect/generics/reflectiveObjects/GenericArrayTypeImpl done
Event: 7.977 loading class sun/reflect/generics/scope/DummyScope
Event: 7.977 loading class sun/reflect/generics/scope/DummyScope done
Event: 8.075 Thread 0x0000020641fd7eb0 Thread added: 0x0000020641fd7eb0


Dynamic libraries:
0x00007ff65bee0000 - 0x00007ff65bef0000 	C:\Program Files\Java\jdk-17\bin\java.exe
0x00007ffac51a0000 - 0x00007ffac5406000 	C:\WINDOWS\SYSTEM32\ntdll.dll
0x00007ffac4720000 - 0x00007ffac47e9000 	C:\WINDOWS\System32\KERNEL32.DLL
0x00007ffac2b90000 - 0x00007ffac2f5c000 	C:\WINDOWS\System32\KERNELBASE.dll
0x00007ffac2800000 - 0x00007ffac294b000 	C:\WINDOWS\System32\ucrtbase.dll
0x00007ffaa96e0000 - 0x00007ffaa96fb000 	C:\Program Files\Java\jdk-17\bin\VCRUNTIME140.dll
0x00007ffaa9700000 - 0x00007ffaa9718000 	C:\Program Files\Java\jdk-17\bin\jli.dll
0x00007ffac47f0000 - 0x00007ffac48a2000 	C:\WINDOWS\System32\ADVAPI32.dll
0x00007ffac5080000 - 0x00007ffac5129000 	C:\WINDOWS\System32\msvcrt.dll
0x00007ffac4ee0000 - 0x00007ffac4f86000 	C:\WINDOWS\System32\sechost.dll
0x00007ffac4400000 - 0x00007ffac4516000 	C:\WINDOWS\System32\RPCRT4.dll
0x00007ffac3560000 - 0x00007ffac372a000 	C:\WINDOWS\System32\USER32.dll
0x00007ffac24b0000 - 0x00007ffac24d7000 	C:\WINDOWS\System32\win32u.dll
0x00007ffac48b0000 - 0x00007ffac48db000 	C:\WINDOWS\System32\GDI32.dll
0x00007ffac2610000 - 0x00007ffac2742000 	C:\WINDOWS\System32\gdi32full.dll
0x00007ffab4130000 - 0x00007ffab43ca000 	C:\WINDOWS\WinSxS\amd64_microsoft.windows.common-controls_6595b64144ccf1df_6.0.26100.3912_none_3e07963ce335137e\COMCTL32.dll
0x00007ffac2750000 - 0x00007ffac27f3000 	C:\WINDOWS\System32\msvcp_win.dll
0x00007ffab9210000 - 0x00007ffab921b000 	C:\WINDOWS\SYSTEM32\VERSION.dll
0x00007ffac5040000 - 0x00007ffac5070000 	C:\WINDOWS\System32\IMM32.DLL
0x00007ffaa99c0000 - 0x00007ffaa99cc000 	C:\Program Files\Java\jdk-17\bin\vcruntime140_1.dll
0x00007ffa9aa40000 - 0x00007ffa9aace000 	C:\Program Files\Java\jdk-17\bin\msvcp140.dll
0x00007ffa28dc0000 - 0x00007ffa29997000 	C:\Program Files\Java\jdk-17\bin\server\jvm.dll
0x00007ffac4c70000 - 0x00007ffac4c78000 	C:\WINDOWS\System32\PSAPI.DLL
0x00007ffabbf10000 - 0x00007ffabbf1a000 	C:\WINDOWS\SYSTEM32\WSOCK32.dll
0x00007ffac4e60000 - 0x00007ffac4ed4000 	C:\WINDOWS\System32\WS2_32.dll
0x00007ffabec10000 - 0x00007ffabec46000 	C:\WINDOWS\SYSTEM32\WINMM.dll
0x00007ffac10f0000 - 0x00007ffac110a000 	C:\WINDOWS\SYSTEM32\kernel.appcore.dll
0x00007ffaa96d0000 - 0x00007ffaa96da000 	C:\Program Files\Java\jdk-17\bin\jimage.dll
0x00007ffabfac0000 - 0x00007ffabfd01000 	C:\WINDOWS\SYSTEM32\DBGHELP.DLL
0x00007ffac48e0000 - 0x00007ffac4c64000 	C:\WINDOWS\System32\combase.dll
0x00007ffac3320000 - 0x00007ffac3400000 	C:\WINDOWS\System32\OLEAUT32.dll
0x00007ffabebd0000 - 0x00007ffabec09000 	C:\WINDOWS\SYSTEM32\dbgcore.DLL
0x00007ffac2570000 - 0x00007ffac2609000 	C:\WINDOWS\System32\bcryptPrimitives.dll
0x00007ffaa9670000 - 0x00007ffaa967e000 	C:\Program Files\Java\jdk-17\bin\instrument.dll
0x00007ffaa9640000 - 0x00007ffaa9665000 	C:\Program Files\Java\jdk-17\bin\java.dll
0x00007ffa7e930000 - 0x00007ffa7ea07000 	C:\Program Files\Java\jdk-17\bin\jsvml.dll
0x00007ffac3c30000 - 0x00007ffac435d000 	C:\WINDOWS\System32\SHELL32.dll
0x00007ffac2950000 - 0x00007ffac2ac4000 	C:\WINDOWS\System32\wintypes.dll
0x00007ffabffc0000 - 0x00007ffac0816000 	C:\WINDOWS\SYSTEM32\windows.storage.dll
0x00007ffac3460000 - 0x00007ffac354f000 	C:\WINDOWS\System32\SHCORE.dll
0x00007ffac4520000 - 0x00007ffac4589000 	C:\WINDOWS\System32\shlwapi.dll
0x00007ffac2240000 - 0x00007ffac226f000 	C:\WINDOWS\SYSTEM32\profapi.dll
0x00007ffaa9620000 - 0x00007ffaa9638000 	C:\Program Files\Java\jdk-17\bin\zip.dll
0x00007ffaa9600000 - 0x00007ffaa9619000 	C:\Program Files\Java\jdk-17\bin\net.dll
0x00007ffabd670000 - 0x00007ffabd78e000 	C:\WINDOWS\SYSTEM32\WINHTTP.dll
0x00007ffac16c0000 - 0x00007ffac172a000 	C:\WINDOWS\system32\mswsock.dll
0x00007ffaa9320000 - 0x00007ffaa9336000 	C:\Program Files\Java\jdk-17\bin\nio.dll
0x00007ffaa9570000 - 0x00007ffaa9580000 	C:\Program Files\Java\jdk-17\bin\verify.dll
0x00007ffaa9680000 - 0x00007ffaa96a7000 	C:\Users\yookr\.gradle\native\1def1411415f61bf3af743bc5b6707747c0891f09f0c88961ee8f79bc544acac\windows-amd64\native-platform.dll
0x00007ffa7fc10000 - 0x00007ffa7fc88000 	C:\Users\yookr\.gradle\native\0.2.7\x86_64-windows-gnu\gradle-fileevents.dll
0x00007ffaa9520000 - 0x00007ffaa952a000 	C:\Program Files\Java\jdk-17\bin\management.dll
0x00007ffaa93e0000 - 0x00007ffaa93eb000 	C:\Program Files\Java\jdk-17\bin\management_ext.dll
0x00007ffac0b30000 - 0x00007ffac0b63000 	C:\WINDOWS\SYSTEM32\IPHLPAPI.DLL
0x00007ffac2f60000 - 0x00007ffac2f6a000 	C:\WINDOWS\System32\NSI.dll
0x00007ffabd830000 - 0x00007ffabd84f000 	C:\WINDOWS\SYSTEM32\dhcpcsvc6.DLL
0x00007ffabd800000 - 0x00007ffabd825000 	C:\WINDOWS\SYSTEM32\dhcpcsvc.DLL
0x00007ffac0bc0000 - 0x00007ffac0ce7000 	C:\WINDOWS\SYSTEM32\DNSAPI.dll
0x00007ffac1a20000 - 0x00007ffac1a3c000 	C:\WINDOWS\SYSTEM32\CRYPTSP.dll
0x00007ffac1050000 - 0x00007ffac108a000 	C:\WINDOWS\system32\rsaenh.dll
0x00007ffac1770000 - 0x00007ffac179b000 	C:\WINDOWS\SYSTEM32\USERENV.dll
0x00007ffac2210000 - 0x00007ffac2236000 	C:\WINDOWS\SYSTEM32\bcrypt.dll
0x00007ffac1a40000 - 0x00007ffac1a4c000 	C:\WINDOWS\SYSTEM32\CRYPTBASE.dll
0x00007ffaa78e0000 - 0x00007ffaa78ed000 	C:\Program Files\Java\jdk-17\bin\sunmscapi.dll
0x00007ffac2330000 - 0x00007ffac24a7000 	C:\WINDOWS\System32\CRYPT32.dll
0x00007ffac1c30000 - 0x00007ffac1c60000 	C:\WINDOWS\SYSTEM32\ncrypt.dll
0x00007ffac1be0000 - 0x00007ffac1c1f000 	C:\WINDOWS\SYSTEM32\NTASN1.dll
0x00007ffa5c710000 - 0x00007ffa5c718000 	C:\WINDOWS\system32\wshunix.dll

dbghelp: loaded successfully - version: 4.0.5 - missing functions: none
symbol engine: initialized successfully - sym options: 0x614 - pdb path: .;C:\Program Files\Java\jdk-17\bin;C:\WINDOWS\SYSTEM32;C:\WINDOWS\WinSxS\amd64_microsoft.windows.common-controls_6595b64144ccf1df_6.0.26100.3912_none_3e07963ce335137e;C:\Program Files\Java\jdk-17\bin\server;C:\Users\yookr\.gradle\native\1def1411415f61bf3af743bc5b6707747c0891f09f0c88961ee8f79bc544acac\windows-amd64;C:\Users\yookr\.gradle\native\0.2.7\x86_64-windows-gnu

VM Arguments:
jvm_args: --add-opens=java.base/java.lang=ALL-UNNAMED --add-opens=java.base/java.lang.invoke=ALL-UNNAMED --add-opens=java.base/java.util=ALL-UNNAMED --add-opens=java.prefs/java.util.prefs=ALL-UNNAMED --add-exports=jdk.compiler/com.sun.tools.javac.api=ALL-UNNAMED --add-exports=jdk.compiler/com.sun.tools.javac.util=ALL-UNNAMED --add-opens=java.base/java.util=ALL-UNNAMED --add-opens=java.prefs/java.util.prefs=ALL-UNNAMED --add-opens=java.base/java.nio.charset=ALL-UNNAMED --add-opens=java.base/java.net=ALL-UNNAMED --add-opens=java.base/java.util.concurrent.atomic=ALL-UNNAMED --add-opens=java.xml/javax.xml.namespace=ALL-UNNAMED -XX:MaxMetaspaceSize=384m -XX:+HeapDumpOnOutOfMemoryError -Xms256m -Xmx512m -Dfile.encoding=x-windows-949 -Duser.country=KR -Duser.language=ko -Duser.variant -javaagent:C:\Users\yookr\.gradle\wrapper\dists\gradle-8.13-bin\5xuhj0ry160q40clulazy9h7d\gradle-8.13\lib\agents\gradle-instrumentation-agent-8.13.jar 
java_command: org.gradle.launcher.daemon.bootstrap.GradleDaemon 8.13
java_class_path (initial): C:\Users\yookr\.gradle\wrapper\dists\gradle-8.13-bin\5xuhj0ry160q40clulazy9h7d\gradle-8.13\lib\gradle-daemon-main-8.13.jar
Launcher Type: SUN_STANDARD

[Global flags]
     intx CICompilerCount                          = 4                                         {product} {ergonomic}
   size_t CompressedClassSpaceSize                 = 322961408                                 {product} {ergonomic}
     uint ConcGCThreads                            = 2                                         {product} {ergonomic}
     uint G1ConcRefinementThreads                  = 8                                         {product} {ergonomic}
   size_t G1HeapRegionSize                         = 1048576                                   {product} {ergonomic}
    uintx GCDrainStackTargetSize                   = 64                                        {product} {ergonomic}
     bool HeapDumpOnOutOfMemoryError               = true                                   {manageable} {command line}
   size_t InitialHeapSize                          = 268435456                                 {product} {command line}
   size_t MarkStackSize                            = 4194304                                   {product} {ergonomic}
   size_t MaxHeapSize                              = 536870912                                 {product} {command line}
   size_t MaxMetaspaceSize                         = 402653184                                 {product} {command line}
   size_t MaxNewSize                               = 321912832                                 {product} {ergonomic}
   size_t MinHeapDeltaBytes                        = 1048576                                   {product} {ergonomic}
   size_t MinHeapSize                              = 268435456                                 {product} {command line}
    uintx NonNMethodCodeHeapSize                   = 5839372                                {pd product} {ergonomic}
    uintx NonProfiledCodeHeapSize                  = 122909434                              {pd product} {ergonomic}
    uintx ProfiledCodeHeapSize                     = 122909434                              {pd product} {ergonomic}
    uintx ReservedCodeCacheSize                    = 251658240                              {pd product} {ergonomic}
     bool SegmentedCodeCache                       = true                                      {product} {ergonomic}
   size_t SoftMaxHeapSize                          = 536870912                              {manageable} {ergonomic}
     bool UseCompressedClassPointers               = true                           {product lp64_product} {ergonomic}
     bool UseCompressedOops                        = true                           {product lp64_product} {ergonomic}
     bool UseG1GC                                  = true                                      {product} {ergonomic}
     bool UseLargePagesIndividualAllocation        = false                                  {pd product} {ergonomic}

Logging:
Log output configuration:
 #0: stdout all=warning uptime,level,tags
 #1: stderr all=off uptime,level,tags

Environment Variables:
JAVA_HOME=C:\Program Files\Java\jdk1.8.0_231
PATH=C:\Program Files\MongoDB\Server\8.0\bin;C:\Python313\;C:\Program Files (x86)\VMware\VMware Workstation\bin\;C:\Program Files\Common Files\Oracle\Java\javapath;C:\ProgramData\Miniconda3;C:\ProgramData\Miniconda3\Library\mingw-w64\bin;C:\ProgramData\Miniconda3\Library\usr\bin;C:\ProgramData\Miniconda3\Library\bin;C:\ProgramData\Miniconda3\Scripts;C:\WINDOWS\system32;C:\WINDOWS;C:\WINDOWS\System32\Wbem;C:\WINDOWS\System32\WindowsPowerShell\v1.0\;C:\WINDOWS\System32\OpenSSH\;c:\Program Files (x86)\Microsoft SQL Server\100\Tools\Binn\;c:\Program Files\Microsoft SQL Server\100\Tools\Binn\;c:\Program Files\Microsoft SQL Server\100\DTS\Binn\;C:\Program Files\Java\jdk1.8.0_231;C:\Program Files\Java\jdk1.8.0_231lib;C:\Program Files\Java\jdk-15.0.2\bin;C:\Program Files\Git\cmd;C:\Program Files\Java\jdk1.8.0_231\bin;C:\Program Files\PuTTY\;C:\Program Files\nodejs\;C:\ProgramData\chocolatey\bin;C:\Scoop\apps\vscode\current\bin;C:\Scoop\apps\nodejs-lts\current\bin;C:\Scoop\apps\nodejs-lts\current;C:\Scoop\shims;C:\Users\yookr\AppData\Local\Programs\Python\Python311\Scripts\;C:\Users\yookr\AppData\Local\Programs\Python\Python311\;C:\Users\yookr\AppData\Local\Microsoft\WindowsApps;C:\Users\yookr\AppData\Local\Programs\Microsoft VS Code\bin;C:\Program Files\JetBrains\PyCharm Community Edition 2023.2.1\bin;C:\Users\yookr\AppData\Local\GitHubDesktop\bin;C:\Program Files\JetBrains\IntelliJ IDEA 2024.1.1\bin;;C:\Users\yookr\AppData\Local\Microsoft\WindowsApps;C:\Users\yookr\AppData\Roaming\npm
USERNAME=yookr
OS=Windows_NT
PROCESSOR_IDENTIFIER=Intel64 Family 6 Model 140 Stepping 1, GenuineIntel



---------------  S Y S T E M  ---------------

OS:
 Windows 11 , 64 bit Build 26100 (10.0.26100.3912)
OS uptime: 7 days 18:13 hours

CPU: total 8 (initial active 8) (4 cores per cpu, 2 threads per core) family 6 model 140 stepping 1 microcode 0x9a, cx8, cmov, fxsr, ht, mmx, 3dnowpref, sse, sse2, sse3, ssse3, sse4.1, sse4.2, popcnt, lzcnt, tsc, tscinvbit, avx, avx2, aes, erms, clmul, bmi1, bmi2, adx, avx512f, avx512dq, avx512cd, avx512bw, avx512vl, sha, fma, vzeroupper, avx512_vpopcntdq, avx512_vpclmulqdq, avx512_vaes, avx512_vnni, clflush, clflushopt, clwb, avx512_vbmi2, avx512_vbmi

Memory: 4k page, system-wide physical 16108M (2075M free)
TotalPageFile size 32492M (AvailPageFile size 71M)
current process WorkingSet (physical memory assigned to process): 401M, peak: 405M
current process commit charge ("private bytes"): 504M, peak: 509M

vm_info: Java HotSpot(TM) 64-Bit Server VM (17.0.6+9-LTS-190) for windows-amd64 JRE (17.0.6+9-LTS-190), built on Dec  6 2022 15:53:54 by "mach5one" with MS VC++ 17.1 (VS2022)

END.
